mode: set
gometrics/cmd/agent/main.go:42.156,45.12 2 0
gometrics/cmd/agent/main.go:45.12,47.16 2 0
gometrics/cmd/agent/main.go:47.16,48.11 1 0
gometrics/cmd/agent/main.go:49.22,51.11 2 0
gometrics/cmd/agent/main.go:52.12,53.72 1 0
gometrics/cmd/agent/main.go:53.72,54.16 1 0
gometrics/cmd/agent/main.go:56.5,56.39 1 0
gometrics/cmd/agent/main.go:59.3,60.56 2 0
gometrics/cmd/agent/main.go:64.2,65.12 2 0
gometrics/cmd/agent/main.go:65.12,67.16 2 0
gometrics/cmd/agent/main.go:67.16,68.11 1 0
gometrics/cmd/agent/main.go:69.22,71.11 2 0
gometrics/cmd/agent/main.go:72.12,73.70 1 0
gometrics/cmd/agent/main.go:73.70,74.16 1 0
gometrics/cmd/agent/main.go:76.5,76.36 1 0
gometrics/cmd/agent/main.go:79.3,80.53 2 0
gometrics/cmd/agent/main.go:84.2,85.12 2 0
gometrics/cmd/agent/main.go:85.12,88.16 3 0
gometrics/cmd/agent/main.go:88.16,89.11 1 0
gometrics/cmd/agent/main.go:90.22,92.11 2 0
gometrics/cmd/agent/main.go:93.12,95.59 1 0
gometrics/cmd/agent/main.go:95.59,96.16 1 0
gometrics/cmd/agent/main.go:98.5,98.33 1 0
gometrics/cmd/agent/main.go:101.3,102.52 2 0
gometrics/cmd/agent/main.go:107.88,109.6 2 0
gometrics/cmd/agent/main.go:109.6,110.10 1 0
gometrics/cmd/agent/main.go:111.21,112.10 1 0
gometrics/cmd/agent/main.go:113.11,115.24 2 0
gometrics/cmd/agent/main.go:115.24,117.5 1 0
gometrics/cmd/agent/main.go:118.4,118.32 1 0
gometrics/cmd/agent/main.go:123.13,125.49 1 0
gometrics/cmd/agent/main.go:125.49,126.13 1 0
gometrics/cmd/agent/main.go:129.2,133.71 3 0
gometrics/cmd/agent/main.go:133.71,135.3 1 0
gometrics/cmd/agent/main.go:138.2,138.75 1 0
gometrics/cmd/agent/main.go:138.75,142.3 3 0
gometrics/cmd/agent/main.go:144.2,144.16 1 0
gometrics/cmd/agent/main.go:144.16,145.59 1 0
gometrics/cmd/agent/main.go:148.2,170.12 13 0
gometrics/cmd/agent/main.go:170.12,173.7 3 0
gometrics/cmd/agent/main.go:173.7,174.11 1 0
gometrics/cmd/agent/main.go:175.24,178.15 2 0
gometrics/cmd/agent/main.go:178.15,181.6 2 0
gometrics/cmd/agent/main.go:182.5,183.15 2 0
gometrics/cmd/agent/main.go:183.15,186.6 2 0
gometrics/cmd/agent/main.go:187.5,187.17 1 0
gometrics/cmd/agent/main.go:188.22,192.11 4 0
gometrics/cmd/agent/main.go:198.2,199.12 2 0
gometrics/cmd/agent/main.go:199.12,201.7 2 0
gometrics/cmd/agent/main.go:201.7,202.11 1 0
gometrics/cmd/agent/main.go:203.26,204.32 1 0
gometrics/cmd/agent/main.go:205.22,208.11 3 0
gometrics/cmd/agent/main.go:214.2,223.12 5 0
gometrics/cmd/agent/main.go:223.12,227.65 3 0
gometrics/cmd/agent/main.go:227.65,231.4 3 0
gometrics/cmd/agent/main.go:232.3,233.36 2 0
gometrics/cmd/agent/main.go:240.2,241.12 2 0
gometrics/cmd/agent/main.go:241.12,246.7 4 0
gometrics/cmd/agent/main.go:246.7,247.11 1 0
gometrics/cmd/agent/main.go:248.22,249.19 1 0
gometrics/cmd/agent/main.go:253.24,255.5 1 0
gometrics/cmd/agent/main.go:255.6,255.6 0 0
gometrics/cmd/agent/main.go:258.3,258.36 1 0
gometrics/cmd/agent/main.go:262.2,269.11 7 0
gometrics/cmd/server/main.go:45.13,54.16 5 0
gometrics/cmd/server/main.go:54.16,55.52 1 0
gometrics/cmd/server/main.go:59.2,60.71 2 0
gometrics/cmd/server/main.go:60.71,62.3 1 0
gometrics/cmd/server/main.go:65.2,74.25 3 0
gometrics/cmd/server/main.go:74.25,78.75 2 0
gometrics/cmd/server/main.go:78.75,82.4 3 0
gometrics/cmd/server/main.go:84.3,84.21 1 0
gometrics/cmd/server/main.go:84.21,85.50 1 0
gometrics/cmd/server/main.go:87.3,87.22 1 0
gometrics/cmd/server/main.go:87.22,91.22 2 0
gometrics/cmd/server/main.go:91.22,93.5 1 0
gometrics/cmd/server/main.go:98.2,98.20 1 0
gometrics/cmd/server/main.go:98.20,99.83 1 0
gometrics/cmd/server/main.go:99.83,103.4 3 0
gometrics/cmd/server/main.go:105.3,105.24 1 0
gometrics/cmd/server/main.go:105.24,106.61 1 0
gometrics/cmd/server/main.go:109.3,109.51 1 0
gometrics/cmd/server/main.go:113.2,114.20 2 0
gometrics/cmd/server/main.go:114.20,116.3 1 0
gometrics/cmd/server/main.go:116.8,118.3 1 0
gometrics/cmd/server/main.go:120.2,126.36 4 0
gometrics/cmd/server/main.go:126.36,128.3 1 0
gometrics/cmd/server/main.go:129.2,141.15 6 0
gometrics/cmd/server/main.go:141.15,142.56 1 0
gometrics/cmd/server/main.go:142.56,144.4 1 0
gometrics/cmd/server/main.go:148.2,148.22 1 0
gometrics/cmd/server/main.go:148.22,154.13 3 0
gometrics/cmd/server/main.go:154.13,156.49 2 0
gometrics/cmd/server/main.go:156.49,157.49 1 0
gometrics/cmd/server/main.go:162.3,162.13 1 0
gometrics/cmd/server/main.go:162.13,170.62 6 0
gometrics/cmd/server/main.go:170.62,171.70 1 0
gometrics/cmd/server/main.go:174.3,174.12 1 0
gometrics/cmd/server/main.go:176.8,176.30 1 0
gometrics/cmd/server/main.go:176.30,182.61 4 0
gometrics/cmd/server/main.go:182.61,183.69 1 0
gometrics/cmd/server/main.go:185.8,186.55 1 0
gometrics/internal/addr/addr.go:28.49,32.2 3 1
gometrics/internal/addr/addr.go:36.32,38.2 1 1
gometrics/internal/addr/addr.go:43.44,45.19 2 1
gometrics/internal/addr/addr.go:45.19,47.3 1 1
gometrics/internal/addr/addr.go:48.2,49.16 2 1
gometrics/internal/addr/addr.go:49.16,51.3 1 1
gometrics/internal/addr/addr.go:52.2,54.12 3 1
gometrics/internal/addr/addr.go:58.33,60.2 1 0
gometrics/internal/addr/addr.go:63.30,65.2 1 0
gometrics/internal/addr/addr.go:69.33,71.2 1 0
gometrics/internal/api/metricsdto/metricsdto_easyjson.go:21.96,23.17 2 0
gometrics/internal/api/metricsdto/metricsdto_easyjson.go:23.17,26.3 2 0
gometrics/internal/api/metricsdto/metricsdto_easyjson.go:26.8,28.18 2 0
gometrics/internal/api/metricsdto/metricsdto_easyjson.go:28.18,29.24 1 0
gometrics/internal/api/metricsdto/metricsdto_easyjson.go:29.24,31.5 1 0
gometrics/internal/api/metricsdto/metricsdto_easyjson.go:31.10,33.5 1 0
gometrics/internal/api/metricsdto/metricsdto_easyjson.go:34.9,36.4 1 0
gometrics/internal/api/metricsdto/metricsdto_easyjson.go:37.3,37.24 1 0
gometrics/internal/api/metricsdto/metricsdto_easyjson.go:37.24,42.4 4 0
gometrics/internal/api/metricsdto/metricsdto_easyjson.go:43.3,43.16 1 0
gometrics/internal/api/metricsdto/metricsdto_easyjson.go:45.2,45.16 1 0
gometrics/internal/api/metricsdto/metricsdto_easyjson.go:45.16,47.3 1 0
gometrics/internal/api/metricsdto/metricsdto_easyjson.go:49.97,50.59 1 0
gometrics/internal/api/metricsdto/metricsdto_easyjson.go:50.59,52.3 1 0
gometrics/internal/api/metricsdto/metricsdto_easyjson.go:52.8,54.26 2 0
gometrics/internal/api/metricsdto/metricsdto_easyjson.go:54.26,55.14 1 0
gometrics/internal/api/metricsdto/metricsdto_easyjson.go:55.14,57.5 1 0
gometrics/internal/api/metricsdto/metricsdto_easyjson.go:58.4,58.29 1 0
gometrics/internal/api/metricsdto/metricsdto_easyjson.go:60.3,60.19 1 0
gometrics/internal/api/metricsdto/metricsdto_easyjson.go:65.53,69.2 3 0
gometrics/internal/api/metricsdto/metricsdto_easyjson.go:72.58,74.2 1 0
gometrics/internal/api/metricsdto/metricsdto_easyjson.go:77.57,81.2 3 0
gometrics/internal/api/metricsdto/metricsdto_easyjson.go:84.59,86.2 1 0
gometrics/internal/api/metricsdto/metricsdto_easyjson.go:87.92,89.17 2 0
gometrics/internal/api/metricsdto/metricsdto_easyjson.go:89.17,90.17 1 0
gometrics/internal/api/metricsdto/metricsdto_easyjson.go:90.17,92.4 1 0
gometrics/internal/api/metricsdto/metricsdto_easyjson.go:93.3,94.9 2 0
gometrics/internal/api/metricsdto/metricsdto_easyjson.go:96.2,97.23 2 0
gometrics/internal/api/metricsdto/metricsdto_easyjson.go:97.23,100.18 3 0
gometrics/internal/api/metricsdto/metricsdto_easyjson.go:100.18,103.12 3 0
gometrics/internal/api/metricsdto/metricsdto_easyjson.go:105.3,105.14 1 0
gometrics/internal/api/metricsdto/metricsdto_easyjson.go:106.13,107.32 1 0
gometrics/internal/api/metricsdto/metricsdto_easyjson.go:108.15,109.35 1 0
gometrics/internal/api/metricsdto/metricsdto_easyjson.go:110.16,111.19 1 0
gometrics/internal/api/metricsdto/metricsdto_easyjson.go:111.19,114.5 2 0
gometrics/internal/api/metricsdto/metricsdto_easyjson.go:114.10,115.25 1 0
gometrics/internal/api/metricsdto/metricsdto_easyjson.go:115.25,117.6 1 0
gometrics/internal/api/metricsdto/metricsdto_easyjson.go:118.5,118.35 1 0
gometrics/internal/api/metricsdto/metricsdto_easyjson.go:120.16,121.19 1 0
gometrics/internal/api/metricsdto/metricsdto_easyjson.go:121.19,124.5 2 0
gometrics/internal/api/metricsdto/metricsdto_easyjson.go:124.10,125.25 1 0
gometrics/internal/api/metricsdto/metricsdto_easyjson.go:125.25,127.6 1 0
gometrics/internal/api/metricsdto/metricsdto_easyjson.go:128.5,128.39 1 0
gometrics/internal/api/metricsdto/metricsdto_easyjson.go:130.11,131.22 1 0
gometrics/internal/api/metricsdto/metricsdto_easyjson.go:133.3,133.17 1 0
gometrics/internal/api/metricsdto/metricsdto_easyjson.go:135.2,136.16 2 0
gometrics/internal/api/metricsdto/metricsdto_easyjson.go:136.16,138.3 1 0
gometrics/internal/api/metricsdto/metricsdto_easyjson.go:140.93,144.2 4 0
gometrics/internal/api/metricsdto/metricsdto_easyjson.go:144.2,148.3 3 0
gometrics/internal/api/metricsdto/metricsdto_easyjson.go:149.2,153.3 3 0
gometrics/internal/api/metricsdto/metricsdto_easyjson.go:154.2,154.21 1 0
gometrics/internal/api/metricsdto/metricsdto_easyjson.go:154.21,158.3 3 0
gometrics/internal/api/metricsdto/metricsdto_easyjson.go:159.2,159.21 1 0
gometrics/internal/api/metricsdto/metricsdto_easyjson.go:159.21,163.3 3 0
gometrics/internal/api/metricsdto/metricsdto_easyjson.go:164.2,164.18 1 0
gometrics/internal/api/metricsdto/metricsdto_easyjson.go:168.48,172.2 3 0
gometrics/internal/api/metricsdto/metricsdto_easyjson.go:175.53,177.2 1 0
gometrics/internal/api/metricsdto/metricsdto_easyjson.go:180.52,184.2 3 0
gometrics/internal/api/metricsdto/metricsdto_easyjson.go:187.54,189.2 1 0
gometrics/internal/clientconfig/clientconfig.go:39.41,41.2 1 0
gometrics/internal/clientconfig/clientconfig.go:44.41,46.2 1 0
gometrics/internal/clientconfig/clientconfig.go:50.34,54.2 1 0
gometrics/internal/clientconfig/clientconfig.go:65.37,67.37 1 0
gometrics/internal/clientconfig/clientconfig.go:67.37,70.3 1 0
gometrics/internal/clientconfig/clientconfig.go:73.2,79.29 2 0
gometrics/internal/clientconfig/clientconfig.go:79.29,86.3 6 0
gometrics/internal/clientconfig/clientconfig.go:89.2,93.18 2 0
gometrics/internal/clientconfig/clientconfig.go:93.18,95.3 1 0
gometrics/internal/clientconfig/clientconfig.go:100.64,102.37 1 0
gometrics/internal/clientconfig/clientconfig.go:102.37,104.3 1 0
gometrics/internal/clientconfig/clientconfig.go:105.2,118.39 9 0
gometrics/internal/clientconfig/clientconfig.go:118.39,120.3 1 0
gometrics/internal/clientconfig/clientconfig.go:122.2,122.18 1 0
gometrics/internal/clientconfig/clientconfig.go:122.18,124.3 1 0
gometrics/internal/clientconfig/clientconfig.go:125.2,125.12 1 0
gometrics/internal/compress/funcions.go:14.44,21.16 4 0
gometrics/internal/compress/funcions.go:21.16,23.3 1 0
gometrics/internal/compress/funcions.go:27.2,28.16 2 0
gometrics/internal/compress/funcions.go:28.16,30.3 1 0
gometrics/internal/compress/funcions.go:33.2,33.23 1 0
gometrics/internal/compress/funcions.go:38.46,41.16 2 0
gometrics/internal/compress/funcions.go:41.16,43.3 1 0
gometrics/internal/compress/funcions.go:44.2,49.16 4 0
gometrics/internal/compress/funcions.go:49.16,51.3 1 0
gometrics/internal/compress/funcions.go:53.2,53.23 1 0
gometrics/internal/compress/gzipHandle.go:19.50,21.2 1 0
gometrics/internal/compress/gzipHandle.go:26.18,29.3 2 0
gometrics/internal/compress/gzipHandle.go:41.18,43.17 2 0
gometrics/internal/compress/gzipHandle.go:43.17,44.14 1 0
gometrics/internal/compress/gzipHandle.go:46.3,46.11 1 0
gometrics/internal/compress/gzipHandle.go:52.55,53.71 1 0
gometrics/internal/compress/gzipHandle.go:53.71,55.66 1 0
gometrics/internal/compress/gzipHandle.go:55.66,58.4 2 0
gometrics/internal/compress/gzipHandle.go:61.3,65.42 3 0
gometrics/internal/compress/gzipHandle.go:65.42,68.4 2 0
gometrics/internal/compress/gzipHandle.go:80.3,82.23 2 0
gometrics/internal/compress/gzipHandle.go:88.55,89.71 1 0
gometrics/internal/compress/gzipHandle.go:89.71,91.65 1 0
gometrics/internal/compress/gzipHandle.go:91.65,94.4 2 0
gometrics/internal/compress/gzipHandle.go:113.3,124.64 6 0
gometrics/internal/db/db.go:37.97,39.16 2 0
gometrics/internal/db/db.go:39.16,41.3 1 0
gometrics/internal/db/db.go:43.2,43.44 1 0
gometrics/internal/db/db.go:43.44,46.3 2 0
gometrics/internal/db/db.go:48.2,49.16 2 0
gometrics/internal/db/db.go:49.16,51.3 1 0
gometrics/internal/db/db.go:52.2,52.15 1 0
gometrics/internal/db/db.go:52.15,53.17 1 0
gometrics/internal/db/db.go:53.17,54.44 1 0
gometrics/internal/db/db.go:54.44,56.5 1 0
gometrics/internal/db/db.go:60.2,60.56 1 0
gometrics/internal/db/db.go:60.56,63.3 2 0
gometrics/internal/db/db.go:65.2,65.39 1 0
gometrics/internal/db/db.go:70.54,72.2 1 0
gometrics/internal/db/db.go:76.84,80.16 3 0
gometrics/internal/db/db.go:80.16,82.3 1 0
gometrics/internal/db/db.go:84.2,91.18 3 0
gometrics/internal/db/db.go:91.18,94.17 3 0
gometrics/internal/db/db.go:94.17,96.4 1 0
gometrics/internal/db/db.go:98.3,98.18 1 0
gometrics/internal/db/db.go:98.18,101.4 2 0
gometrics/internal/db/db.go:102.3,102.18 1 0
gometrics/internal/db/db.go:102.18,105.4 2 0
gometrics/internal/db/db.go:107.3,107.31 1 0
gometrics/internal/db/db.go:110.2,110.34 1 0
gometrics/internal/db/db.go:110.34,112.3 1 0
gometrics/internal/db/db.go:113.2,113.21 1 0
gometrics/internal/db/db.go:122.114,124.16 2 0
gometrics/internal/db/db.go:124.16,126.3 1 0
gometrics/internal/db/db.go:127.2,127.15 1 0
gometrics/internal/db/db.go:127.15,128.17 1 0
gometrics/internal/db/db.go:128.17,129.44 1 0
gometrics/internal/db/db.go:129.44,131.5 1 0
gometrics/internal/db/db.go:135.2,141.16 2 0
gometrics/internal/db/db.go:141.16,143.3 1 0
gometrics/internal/db/db.go:144.2,152.16 3 0
gometrics/internal/db/db.go:152.16,154.3 1 0
gometrics/internal/db/db.go:155.2,157.34 2 0
gometrics/internal/db/db.go:157.34,159.17 2 0
gometrics/internal/db/db.go:159.17,161.4 1 0
gometrics/internal/db/db.go:163.2,163.36 1 0
gometrics/internal/db/db.go:163.36,165.17 2 0
gometrics/internal/db/db.go:165.17,167.4 1 0
gometrics/internal/db/db.go:170.2,170.20 1 0
gometrics/internal/db/db.go:174.40,176.2 1 0
gometrics/internal/db/db.go:179.36,181.2 1 0
gometrics/internal/handlers/handlers.go:38.77,43.2 1 0
gometrics/internal/handlers/handlers.go:46.47,48.2 1 0
gometrics/internal/handlers/handlers.go:51.43,52.36 1 0
gometrics/internal/handlers/handlers.go:52.36,60.3 7 0
gometrics/internal/handlers/handlers.go:75.82,76.74 1 0
gometrics/internal/handlers/handlers.go:76.74,79.3 2 0
gometrics/internal/handlers/handlers.go:79.8,79.82 1 0
gometrics/internal/handlers/handlers.go:79.82,82.3 2 0
gometrics/internal/handlers/handlers.go:86.87,94.16 6 0
gometrics/internal/handlers/handlers.go:94.16,97.3 2 0
gometrics/internal/handlers/handlers.go:99.2,101.16 3 0
gometrics/internal/handlers/handlers.go:101.16,104.3 2 0
gometrics/internal/handlers/handlers.go:105.2,107.16 3 0
gometrics/internal/handlers/handlers.go:107.16,110.3 2 0
gometrics/internal/handlers/handlers.go:111.2,111.32 1 0
gometrics/internal/handlers/handlers.go:122.75,124.16 2 0
gometrics/internal/handlers/handlers.go:124.16,128.3 3 0
gometrics/internal/handlers/handlers.go:129.2,129.32 1 0
gometrics/internal/handlers/handlers.go:141.85,146.27 5 0
gometrics/internal/handlers/handlers.go:146.27,147.72 1 0
gometrics/internal/handlers/handlers.go:147.72,150.4 2 0
gometrics/internal/handlers/handlers.go:152.2,152.32 1 0
gometrics/internal/handlers/handlers.go:167.81,171.20 4 0
gometrics/internal/handlers/handlers.go:172.34,174.17 2 0
gometrics/internal/handlers/handlers.go:174.17,177.4 2 0
gometrics/internal/handlers/handlers.go:178.3,178.59 1 0
gometrics/internal/handlers/handlers.go:178.59,181.4 2 0
gometrics/internal/handlers/handlers.go:182.3,182.33 1 0
gometrics/internal/handlers/handlers.go:183.36,185.17 2 0
gometrics/internal/handlers/handlers.go:185.17,188.4 2 0
gometrics/internal/handlers/handlers.go:189.3,189.59 1 0
gometrics/internal/handlers/handlers.go:189.59,192.4 2 0
gometrics/internal/handlers/handlers.go:193.3,193.33 1 0
gometrics/internal/handlers/handlers.go:194.10,196.9 2 0
gometrics/internal/handlers/handlers.go:211.84,215.20 4 0
gometrics/internal/handlers/handlers.go:216.34,218.17 2 0
gometrics/internal/handlers/handlers.go:218.17,221.4 2 0
gometrics/internal/handlers/handlers.go:222.3,223.17 2 0
gometrics/internal/handlers/handlers.go:223.17,226.4 2 0
gometrics/internal/handlers/handlers.go:227.3,227.33 1 0
gometrics/internal/handlers/handlers.go:228.36,230.17 2 0
gometrics/internal/handlers/handlers.go:230.17,233.4 2 0
gometrics/internal/handlers/handlers.go:234.3,235.17 2 0
gometrics/internal/handlers/handlers.go:235.17,238.4 2 0
gometrics/internal/handlers/handlers.go:239.3,239.33 1 0
gometrics/internal/handlers/handlers.go:240.10,242.9 2 0
gometrics/internal/handlers/jsonParser.go:25.79,31.16 5 0
gometrics/internal/handlers/jsonParser.go:31.16,34.3 2 0
gometrics/internal/handlers/jsonParser.go:36.2,36.64 1 0
gometrics/internal/handlers/jsonParser.go:36.64,39.3 2 0
gometrics/internal/handlers/jsonParser.go:40.2,40.22 1 0
gometrics/internal/handlers/jsonParser.go:41.34,42.26 1 0
gometrics/internal/handlers/jsonParser.go:42.26,45.4 2 0
gometrics/internal/handlers/jsonParser.go:46.3,46.87 1 0
gometrics/internal/handlers/jsonParser.go:46.87,49.4 2 0
gometrics/internal/handlers/jsonParser.go:50.3,50.33 1 0
gometrics/internal/handlers/jsonParser.go:51.36,52.26 1 0
gometrics/internal/handlers/jsonParser.go:52.26,55.4 2 0
gometrics/internal/handlers/jsonParser.go:56.3,56.94 1 0
gometrics/internal/handlers/jsonParser.go:56.94,59.4 2 0
gometrics/internal/handlers/jsonParser.go:60.3,60.33 1 0
gometrics/internal/handlers/jsonParser.go:61.10,63.9 2 0
gometrics/internal/handlers/jsonParser.go:65.2,66.16 2 0
gometrics/internal/handlers/jsonParser.go:66.16,69.3 2 0
gometrics/internal/handlers/jsonParser.go:70.2,71.16 2 0
gometrics/internal/handlers/jsonParser.go:86.78,92.16 5 0
gometrics/internal/handlers/jsonParser.go:92.16,95.3 2 0
gometrics/internal/handlers/jsonParser.go:97.2,97.64 1 0
gometrics/internal/handlers/jsonParser.go:97.64,100.3 2 0
gometrics/internal/handlers/jsonParser.go:101.2,101.22 1 0
gometrics/internal/handlers/jsonParser.go:102.34,104.17 2 0
gometrics/internal/handlers/jsonParser.go:104.17,107.4 2 0
gometrics/internal/handlers/jsonParser.go:108.3,109.33 2 0
gometrics/internal/handlers/jsonParser.go:110.36,112.17 2 0
gometrics/internal/handlers/jsonParser.go:112.17,115.4 2 0
gometrics/internal/handlers/jsonParser.go:116.3,118.33 3 0
gometrics/internal/handlers/jsonParser.go:119.10,121.9 2 0
gometrics/internal/handlers/jsonParser.go:123.2,124.16 2 0
gometrics/internal/handlers/jsonParser.go:124.16,127.3 2 0
gometrics/internal/handlers/jsonParser.go:128.2,129.16 2 0
gometrics/internal/handlers/jsonParser.go:134.84,140.16 5 0
gometrics/internal/handlers/jsonParser.go:140.16,143.3 2 0
gometrics/internal/handlers/jsonParser.go:145.2,145.71 1 0
gometrics/internal/handlers/jsonParser.go:145.71,148.3 2 0
gometrics/internal/handlers/jsonParser.go:156.2,157.16 2 0
gometrics/internal/handlers/jsonParser.go:157.16,160.3 2 0
gometrics/internal/handlers/jsonParser.go:162.2,163.16 2 0
gometrics/internal/handlers/jsonParser.go:163.16,166.3 2 0
gometrics/internal/handlers/jsonParser.go:167.2,168.16 2 0
gometrics/internal/logger/logger.go:32.52,34.16 2 0
gometrics/internal/logger/logger.go:34.16,36.3 1 0
gometrics/internal/logger/logger.go:37.2,37.44 1 0
gometrics/internal/logger/logger.go:40.62,44.2 3 0
gometrics/internal/logger/logger.go:46.61,47.23 1 0
gometrics/internal/logger/logger.go:47.23,49.3 1 0
gometrics/internal/logger/logger.go:50.2,50.36 1 0
gometrics/internal/logger/logger.go:53.66,54.56 1 0
gometrics/internal/logger/logger.go:54.56,74.65 11 0
gometrics/internal/logger/logger.go:74.65,76.18 2 0
gometrics/internal/logger/logger.go:76.18,78.5 1 0
gometrics/internal/logger/logger.go:80.9,82.4 1 0
gometrics/internal/logger/logger.go:83.3,91.4 2 0
gometrics/internal/logger/logger.go:93.2,93.32 1 0
gometrics/internal/persist/persistStorage.go:40.81,43.24 1 0
gometrics/internal/persist/persistStorage.go:43.24,45.3 1 0
gometrics/internal/persist/persistStorage.go:47.2,52.16 4 0
gometrics/internal/persist/persistStorage.go:52.16,54.3 1 0
gometrics/internal/persist/persistStorage.go:56.2,59.16 3 0
gometrics/internal/persist/persistStorage.go:59.16,61.3 1 0
gometrics/internal/persist/persistStorage.go:63.2,69.22 2 0
gometrics/internal/persist/persistStorage.go:77.125,79.34 2 0
gometrics/internal/persist/persistStorage.go:79.34,86.3 3 0
gometrics/internal/persist/persistStorage.go:87.2,87.36 1 0
gometrics/internal/persist/persistStorage.go:87.36,94.3 3 0
gometrics/internal/persist/persistStorage.go:96.2,97.16 2 0
gometrics/internal/persist/persistStorage.go:97.16,99.3 1 0
gometrics/internal/persist/persistStorage.go:101.2,107.30 4 0
gometrics/internal/persist/persistStorage.go:107.30,109.3 1 0
gometrics/internal/persist/persistStorage.go:111.2,111.39 1 0
gometrics/internal/persist/persistStorage.go:115.47,116.21 1 0
gometrics/internal/persist/persistStorage.go:116.21,118.3 1 0
gometrics/internal/persist/persistStorage.go:120.2,122.26 2 0
gometrics/internal/persist/persistStorage.go:122.26,124.3 1 0
gometrics/internal/persist/persistStorage.go:126.2,127.40 2 0
gometrics/internal/persist/persistStorage.go:127.40,129.3 1 0
gometrics/internal/persist/persistStorage.go:131.2,131.12 1 0
gometrics/internal/persist/persistStorage.go:137.76,139.16 2 0
gometrics/internal/persist/persistStorage.go:139.16,141.3 1 0
gometrics/internal/persist/persistStorage.go:145.2,145.56 1 0
gometrics/internal/persist/persistStorage.go:145.56,147.3 1 0
gometrics/internal/persist/persistStorage.go:149.2,149.56 1 0
gometrics/internal/persist/persistStorage.go:149.56,151.3 1 0
gometrics/internal/persist/persistStorage.go:153.2,153.12 1 0
gometrics/internal/persist/persistStorage.go:158.95,161.26 2 0
gometrics/internal/persist/persistStorage.go:161.26,164.3 2 0
gometrics/internal/persist/persistStorage.go:166.2,170.63 3 0
gometrics/internal/persist/persistStorage.go:170.63,172.3 1 0
gometrics/internal/persist/persistStorage.go:174.2,175.28 2 0
gometrics/internal/persist/persistStorage.go:175.28,178.3 2 0
gometrics/internal/persist/persistStorage.go:180.2,181.16 2 0
gometrics/internal/persist/persistStorage.go:181.16,183.3 1 0
gometrics/internal/persist/persistStorage.go:185.2,185.39 1 0
gometrics/internal/persist/persistStorage.go:185.39,188.3 2 0
gometrics/internal/persist/persistStorage.go:190.2,190.55 1 0
gometrics/internal/persist/persistStorage.go:190.55,193.21 2 0
gometrics/internal/persist/persistStorage.go:193.21,195.4 1 0
gometrics/internal/persist/persistStorage.go:196.3,196.94 1 0
gometrics/internal/persist/persistStorage.go:199.2,199.19 1 0
gometrics/internal/persist/persistStorage.go:203.65,204.26 1 0
gometrics/internal/persist/persistStorage.go:204.26,206.3 1 0
gometrics/internal/persist/persistStorage.go:207.2,208.16 2 0
gometrics/internal/persist/persistStorage.go:208.16,210.3 1 0
gometrics/internal/persist/persistStorage.go:211.2,211.12 1 0
gometrics/internal/persist/persistStorage.go:215.51,217.2 1 0
gometrics/internal/persist/persistStorage.go:221.47,225.52 3 0
gometrics/internal/persist/persistStorage.go:225.52,227.3 1 0
gometrics/internal/persist/persistStorage.go:229.2,229.39 1 0
gometrics/internal/persist/persistStorage.go:234.61,235.26 1 0
gometrics/internal/persist/persistStorage.go:235.26,237.3 1 0
gometrics/internal/persist/persistStorage.go:240.2,240.50 1 0
gometrics/internal/persist/persistStorage.go:240.50,242.3 1 0
gometrics/internal/persist/persistStorage.go:243.2,243.63 1 0
gometrics/internal/persist/persistStorage.go:243.63,245.3 1 0
gometrics/internal/persist/persistStorage.go:247.2,249.31 2 0
gometrics/internal/persist/persistStorage.go:249.31,250.68 1 0
gometrics/internal/persist/persistStorage.go:250.68,252.4 1 0
gometrics/internal/persist/persistStorage.go:255.2,255.48 1 0
gometrics/internal/persist/persistStorage.go:255.48,257.3 1 0
gometrics/internal/persist/persistStorage.go:260.2,260.29 1 0
gometrics/internal/retry/retry.go:24.34,30.2 1 0
gometrics/internal/retry/retry.go:32.110,34.19 2 0
gometrics/internal/retry/retry.go:34.19,36.3 1 0
gometrics/internal/retry/retry.go:38.2,39.24 2 0
gometrics/internal/retry/retry.go:39.24,41.3 1 0
gometrics/internal/retry/retry.go:43.2,46.50 3 0
gometrics/internal/retry/retry.go:46.50,47.23 1 0
gometrics/internal/retry/retry.go:47.23,49.4 1 0
gometrics/internal/retry/retry.go:51.3,52.17 2 0
gometrics/internal/retry/retry.go:52.17,54.4 1 0
gometrics/internal/retry/retry.go:56.3,56.49 1 0
gometrics/internal/retry/retry.go:56.49,58.4 1 0
gometrics/internal/retry/retry.go:60.3,61.25 2 0
gometrics/internal/retry/retry.go:61.25,63.4 1 0
gometrics/internal/retry/retry.go:65.3,65.10 1 0
gometrics/internal/retry/retry.go:66.28,66.28 0 0
gometrics/internal/retry/retry.go:67.21,68.25 1 0
gometrics/internal/retry/retry.go:72.2,72.17 1 0
gometrics/internal/retry/retry.go:75.67,76.26 1 0
gometrics/internal/retry/retry.go:76.26,78.3 1 0
gometrics/internal/retry/retry.go:79.2,79.32 1 0
gometrics/internal/retry/retry.go:79.32,81.3 1 0
gometrics/internal/retry/retry.go:82.2,82.28 1 0
gometrics/internal/retry/retry.go:85.41,86.16 1 0
gometrics/internal/retry/retry.go:86.16,88.3 1 0
gometrics/internal/retry/retry.go:89.2,89.82 1 0
gometrics/internal/retry/retry.go:89.82,91.3 1 0
gometrics/internal/retry/retry.go:93.2,94.29 2 0
gometrics/internal/retry/retry.go:94.29,95.23 1 0
gometrics/internal/retry/retry.go:95.23,97.4 1 0
gometrics/internal/retry/retry.go:98.3,98.19 1 0
gometrics/internal/retry/retry.go:101.2,102.29 2 0
gometrics/internal/retry/retry.go:102.29,103.23 1 0
gometrics/internal/retry/retry.go:103.23,105.4 1 0
gometrics/internal/retry/retry.go:109.2,110.28 2 0
gometrics/internal/retry/retry.go:110.28,112.44 2 0
gometrics/internal/retry/retry.go:112.44,114.4 1 0
gometrics/internal/retry/retry.go:117.3,117.40 1 0
gometrics/internal/retry/retry.go:117.40,119.4 1 0
gometrics/internal/retry/retry.go:122.2,123.30 2 0
gometrics/internal/retry/retry.go:123.30,126.42 1 0
gometrics/internal/retry/retry.go:126.42,128.4 1 0
gometrics/internal/retry/retry.go:129.3,129.15 1 0
gometrics/internal/retry/retry.go:132.2,135.44 2 0
gometrics/internal/retry/retry.go:135.44,137.3 1 0
gometrics/internal/retry/retry.go:139.2,139.14 1 0
gometrics/internal/runtimemetrics/runtimemetrics.go:59.74,67.2 1 0
gometrics/internal/runtimemetrics/runtimemetrics.go:73.83,75.16 2 0
gometrics/internal/runtimemetrics/runtimemetrics.go:75.16,77.3 1 0
gometrics/internal/runtimemetrics/runtimemetrics.go:78.2,79.16 2 0
gometrics/internal/runtimemetrics/runtimemetrics.go:79.16,81.3 1 0
gometrics/internal/runtimemetrics/runtimemetrics.go:82.2,84.101 3 0
gometrics/internal/runtimemetrics/runtimemetrics.go:84.101,86.3 1 0
gometrics/internal/runtimemetrics/runtimemetrics.go:87.2,87.100 1 0
gometrics/internal/runtimemetrics/runtimemetrics.go:87.100,89.3 1 0
gometrics/internal/runtimemetrics/runtimemetrics.go:91.2,91.25 1 0
gometrics/internal/runtimemetrics/runtimemetrics.go:91.25,92.96 1 0
gometrics/internal/runtimemetrics/runtimemetrics.go:92.96,94.4 1 0
gometrics/internal/runtimemetrics/runtimemetrics.go:97.2,97.12 1 0
gometrics/internal/runtimemetrics/runtimemetrics.go:102.78,104.19 2 0
gometrics/internal/runtimemetrics/runtimemetrics.go:105.16,106.39 1 0
gometrics/internal/runtimemetrics/runtimemetrics.go:107.16,108.39 1 0
gometrics/internal/runtimemetrics/runtimemetrics.go:109.17,110.31 1 0
gometrics/internal/runtimemetrics/runtimemetrics.go:111.17,112.31 1 0
gometrics/internal/runtimemetrics/runtimemetrics.go:113.10,114.63 1 0
gometrics/internal/runtimemetrics/runtimemetrics.go:120.80,125.37 4 0
gometrics/internal/runtimemetrics/runtimemetrics.go:125.37,127.29 2 0
gometrics/internal/runtimemetrics/runtimemetrics.go:127.29,129.4 1 0
gometrics/internal/runtimemetrics/runtimemetrics.go:130.3,131.17 2 0
gometrics/internal/runtimemetrics/runtimemetrics.go:131.17,133.4 1 0
gometrics/internal/runtimemetrics/runtimemetrics.go:134.3,134.35 1 0
gometrics/internal/runtimemetrics/runtimemetrics.go:137.2,139.39 3 0
gometrics/internal/runtimemetrics/runtimemetrics.go:139.39,141.17 2 0
gometrics/internal/runtimemetrics/runtimemetrics.go:141.17,143.4 1 0
gometrics/internal/runtimemetrics/runtimemetrics.go:146.2,146.12 1 0
gometrics/internal/runtimemetrics/runtimemetrics.go:150.100,152.44 2 0
gometrics/internal/runtimemetrics/runtimemetrics.go:152.44,154.3 1 0
gometrics/internal/runtimemetrics/runtimemetrics.go:155.2,156.18 2 0
gometrics/internal/runtimemetrics/runtimemetrics.go:162.92,163.9 1 0
gometrics/internal/runtimemetrics/runtimemetrics.go:164.20,165.13 1 0
gometrics/internal/runtimemetrics/runtimemetrics.go:166.10,167.11 1 0
gometrics/internal/runtimemetrics/runtimemetrics.go:167.11,168.52 1 0
gometrics/internal/runtimemetrics/runtimemetrics.go:168.52,170.5 1 0
gometrics/internal/runtimemetrics/runtimemetrics.go:171.4,173.72 3 0
gometrics/internal/runtimemetrics/runtimemetrics.go:173.72,175.5 1 0
gometrics/internal/runtimemetrics/runtimemetrics.go:176.4,176.85 1 0
gometrics/internal/runtimemetrics/runtimemetrics.go:176.85,178.5 1 0
gometrics/internal/runtimemetrics/runtimemetrics.go:179.9,180.55 1 0
gometrics/internal/runtimemetrics/runtimemetrics.go:180.55,182.5 1 0
gometrics/internal/runtimemetrics/runtimemetrics.go:185.2,185.12 1 0
gometrics/internal/runtimemetrics/runtimemetrics.go:191.111,192.31 1 0
gometrics/internal/runtimemetrics/runtimemetrics.go:192.31,203.17 6 0
gometrics/internal/runtimemetrics/runtimemetrics.go:203.17,205.4 1 0
gometrics/internal/runtimemetrics/runtimemetrics.go:207.3,207.19 1 0
gometrics/internal/runtimemetrics/runtimemetrics.go:208.15,210.18 2 0
gometrics/internal/runtimemetrics/runtimemetrics.go:210.18,212.5 1 0
gometrics/internal/runtimemetrics/runtimemetrics.go:213.4,214.42 1 0
gometrics/internal/runtimemetrics/runtimemetrics.go:215.11,216.27 1 0
gometrics/internal/runtimemetrics/runtimemetrics.go:219.3,219.16 1 0
gometrics/internal/runtimemetrics/runtimemetrics.go:219.16,221.18 2 0
gometrics/internal/runtimemetrics/runtimemetrics.go:221.18,223.5 1 0
gometrics/internal/runtimemetrics/runtimemetrics.go:224.4,224.57 1 0
gometrics/internal/runtimemetrics/runtimemetrics.go:227.3,230.60 3 0
gometrics/internal/runtimemetrics/runtimemetrics.go:230.60,233.4 2 0
gometrics/internal/runtimemetrics/runtimemetrics.go:234.3,236.17 2 0
gometrics/internal/runtimemetrics/runtimemetrics.go:236.17,238.4 1 0
gometrics/internal/runtimemetrics/runtimemetrics.go:240.2,240.12 1 0
gometrics/internal/runtimemetrics/runtimemetrics.go:245.96,246.73 1 0
gometrics/internal/runtimemetrics/runtimemetrics.go:246.73,247.80 1 0
gometrics/internal/runtimemetrics/runtimemetrics.go:252.118,253.27 1 0
gometrics/internal/runtimemetrics/runtimemetrics.go:253.27,256.17 3 0
gometrics/internal/runtimemetrics/runtimemetrics.go:256.17,258.4 1 0
gometrics/internal/runtimemetrics/runtimemetrics.go:259.3,260.34 2 0
gometrics/internal/runtimemetrics/runtimemetrics.go:262.2,262.20 1 0
gometrics/internal/runtimemetrics/runtimemetrics.go:266.120,267.27 1 0
gometrics/internal/runtimemetrics/runtimemetrics.go:267.27,272.17 4 0
gometrics/internal/runtimemetrics/runtimemetrics.go:272.17,274.4 1 0
gometrics/internal/runtimemetrics/runtimemetrics.go:275.3,276.34 2 0
gometrics/internal/runtimemetrics/runtimemetrics.go:278.2,278.20 1 0
gometrics/internal/runtimemetrics/runtimemetrics.go:283.69,293.6 4 0
gometrics/internal/runtimemetrics/runtimemetrics.go:293.6,295.55 1 0
gometrics/internal/runtimemetrics/runtimemetrics.go:295.55,297.4 1 0
gometrics/internal/runtimemetrics/runtimemetrics.go:297.9,297.38 1 0
gometrics/internal/runtimemetrics/runtimemetrics.go:297.38,299.4 1 0
gometrics/internal/runtimemetrics/runtimemetrics.go:299.9,301.4 1 0
gometrics/internal/runtimemetrics/runtimemetrics.go:304.3,304.51 1 0
gometrics/internal/runtimemetrics/runtimemetrics.go:304.51,306.4 1 0
gometrics/internal/runtimemetrics/runtimemetrics.go:306.9,306.36 1 0
gometrics/internal/runtimemetrics/runtimemetrics.go:306.36,308.4 1 0
gometrics/internal/runtimemetrics/runtimemetrics.go:308.9,310.4 1 0
gometrics/internal/runtimemetrics/runtimemetrics.go:313.3,314.17 2 0
gometrics/internal/runtimemetrics/runtimemetrics.go:314.17,315.14 1 0
gometrics/internal/runtimemetrics/runtimemetrics.go:318.3,320.27 2 0
gometrics/internal/runtimemetrics/runtimemetrics.go:320.27,323.70 1 0
gometrics/internal/runtimemetrics/runtimemetrics.go:323.70,324.10 1 0
gometrics/internal/runtimemetrics/runtimemetrics.go:327.4,327.46 1 0
gometrics/internal/runtimemetrics/runtimemetrics.go:327.46,328.10 1 0
gometrics/internal/runtimemetrics/runtimemetrics.go:331.3,331.10 1 0
gometrics/internal/runtimemetrics/runtimemetrics.go:333.2,333.12 1 0
gometrics/internal/runtimemetrics/runtimemetrics.go:337.87,338.23 1 0
gometrics/internal/runtimemetrics/runtimemetrics.go:338.23,340.3 1 0
gometrics/internal/runtimemetrics/runtimemetrics.go:344.60,346.2 1 0
gometrics/internal/runtimemetrics/runtimemetrics.go:349.170,352.16 3 0
gometrics/internal/runtimemetrics/runtimemetrics.go:352.16,354.3 1 0
gometrics/internal/runtimemetrics/runtimemetrics.go:355.2,358.16 3 0
gometrics/internal/runtimemetrics/runtimemetrics.go:358.16,360.3 1 0
gometrics/internal/runtimemetrics/runtimemetrics.go:361.2,362.21 2 0
gometrics/internal/runtimemetrics/runtimemetrics.go:366.45,368.2 1 0
gometrics/internal/serverconfig/serverconfig.go:21.42,23.2 1 0
gometrics/internal/serverconfig/serverconfig.go:25.42,27.2 1 0
gometrics/internal/serverconfig/serverconfig.go:29.42,31.2 1 0
gometrics/internal/serverconfig/serverconfig.go:33.35,37.2 1 0
gometrics/internal/serverconfig/serverconfig.go:39.38,40.37 1 0
gometrics/internal/serverconfig/serverconfig.go:40.37,42.3 1 0
gometrics/internal/serverconfig/serverconfig.go:44.2,53.18 9 0
gometrics/internal/serverconfig/serverconfig.go:53.18,55.3 1 0
gometrics/internal/service/service.go:43.62,45.2 1 0
gometrics/internal/service/service.go:48.51,50.2 1 0
gometrics/internal/service/service.go:54.78,57.16 3 0
gometrics/internal/service/service.go:57.16,59.3 1 0
gometrics/internal/service/service.go:60.2,60.19 1 0
gometrics/internal/service/service.go:65.76,68.16 3 0
gometrics/internal/service/service.go:68.16,70.3 1 0
gometrics/internal/service/service.go:71.2,71.19 1 0
gometrics/internal/service/service.go:79.94,85.48 4 0
gometrics/internal/service/service.go:85.48,88.3 2 0
gometrics/internal/service/service.go:90.2,92.52 2 0
gometrics/internal/service/service.go:92.52,95.3 2 0
gometrics/internal/service/service.go:97.2,99.39 2 0
gometrics/internal/service/service.go:103.72,106.2 2 0
gometrics/internal/service/service.go:109.70,112.2 2 0
gometrics/internal/service/service.go:116.85,117.56 1 0
gometrics/internal/service/service.go:117.56,119.3 1 0
gometrics/internal/service/service.go:123.2,123.31 1 0
gometrics/internal/service/service.go:123.31,126.89 3 0
gometrics/internal/service/service.go:126.89,128.4 1 0
gometrics/internal/service/service.go:130.2,130.12 1 0
gometrics/internal/service/service.go:135.83,136.58 1 0
gometrics/internal/service/service.go:136.58,138.3 1 0
gometrics/internal/service/service.go:139.2,139.48 1 0
gometrics/internal/service/service.go:139.48,142.89 3 0
gometrics/internal/service/service.go:142.89,144.4 1 0
gometrics/internal/service/service.go:146.2,146.12 1 0
gometrics/internal/service/service.go:151.61,155.16 2 0
gometrics/internal/service/service.go:155.16,157.3 1 0
gometrics/internal/service/service.go:158.2,158.33 1 0
gometrics/internal/service/service.go:158.33,159.57 1 0
gometrics/internal/service/service.go:159.57,161.4 1 0
gometrics/internal/service/service.go:163.2,163.12 1 0
gometrics/internal/service/service.go:168.91,169.22 1 0
gometrics/internal/service/service.go:170.34,171.26 1 0
gometrics/internal/service/service.go:171.26,174.4 2 0
gometrics/internal/service/service.go:175.3,175.70 1 0
gometrics/internal/service/service.go:175.70,177.4 1 0
gometrics/internal/service/service.go:178.36,179.26 1 0
gometrics/internal/service/service.go:179.26,182.4 2 0
gometrics/internal/service/service.go:183.3,183.77 1 0
gometrics/internal/service/service.go:183.77,185.4 1 0
gometrics/internal/service/service.go:186.10,187.43 1 0
gometrics/internal/service/service.go:189.2,189.12 1 0
gometrics/internal/service/service.go:193.99,194.33 1 0
gometrics/internal/service/service.go:194.33,196.17 2 0
gometrics/internal/service/service.go:196.17,198.4 1 0
gometrics/internal/service/service.go:200.2,200.12 1 0
gometrics/internal/service/service.go:204.41,205.41 1 0
gometrics/internal/service/service.go:205.41,207.3 1 0
gometrics/internal/service/service.go:208.2,208.12 1 0
gometrics/internal/service/service.go:214.37,217.6 2 0
gometrics/internal/service/service.go:217.6,218.42 1 0
gometrics/internal/service/service.go:218.42,220.4 1 0
gometrics/internal/service/service.go:221.3,221.45 1 0
gometrics/internal/signature/signature.go:22.83,29.2 1 0
gometrics/internal/signature/signature.go:31.53,31.83 1 0
gometrics/internal/signature/signature.go:32.53,32.72 1 0
gometrics/internal/signature/signature.go:33.60,35.2 1 0
gometrics/internal/signature/signature.go:37.73,39.16 2 0
gometrics/internal/signature/signature.go:39.16,41.3 1 0
gometrics/internal/signature/signature.go:42.2,50.48 7 0
gometrics/internal/signature/signature.go:53.55,54.59 1 0
gometrics/internal/signature/signature.go:54.59,56.3 1 0
gometrics/internal/signature/signature.go:57.2,59.44 3 0
gometrics/internal/signature/signature.go:62.70,65.46 2 0
gometrics/internal/signature/signature.go:65.46,66.72 1 0
gometrics/internal/signature/signature.go:66.72,67.21 1 0
gometrics/internal/signature/signature.go:67.21,70.5 2 0
gometrics/internal/signature/signature.go:72.4,73.23 2 0
gometrics/internal/signature/signature.go:73.23,75.5 1 0
gometrics/internal/signature/signature.go:77.4,77.64 1 0
gometrics/internal/signature/signature.go:77.64,78.43 1 0
gometrics/internal/signature/signature.go:78.43,81.6 2 0
gometrics/internal/signature/signature.go:84.4,86.43 3 0
gometrics/internal/signature/signature.go:86.43,88.5 1 0
gometrics/internal/storage/storage.go:26.34,33.2 1 0
gometrics/internal/storage/storage.go:38.66,43.8 5 0
gometrics/internal/storage/storage.go:43.8,45.3 1 0
gometrics/internal/storage/storage.go:46.2,46.25 1 0
gometrics/internal/storage/storage.go:52.64,57.8 5 0
gometrics/internal/storage/storage.go:57.8,59.3 1 0
gometrics/internal/storage/storage.go:60.2,60.25 1 0
gometrics/internal/storage/storage.go:66.73,73.2 6 0
gometrics/internal/storage/storage.go:78.71,86.2 6 0
gometrics/internal/storage/storage.go:90.61,94.34 4 0
gometrics/internal/storage/storage.go:94.34,96.17 2 0
gometrics/internal/storage/storage.go:96.17,98.4 1 0
gometrics/internal/storage/storage.go:99.3,99.20 1 0
gometrics/internal/storage/storage.go:101.2,101.16 1 0
gometrics/internal/storage/storage.go:106.59,110.36 4 0
gometrics/internal/storage/storage.go:110.36,112.17 2 0
gometrics/internal/storage/storage.go:112.17,114.4 1 0
gometrics/internal/storage/storage.go:115.3,115.20 1 0
gometrics/internal/storage/storage.go:117.2,117.16 1 0
gometrics/internal/storage/storage.go:121.49,129.2 7 0
gometrics/swagger/docs.go:349.13,351.2 1 0
gometrics/cmd/agent/main.go:42.156,45.12 2 0
gometrics/cmd/agent/main.go:45.12,47.16 2 0
gometrics/cmd/agent/main.go:47.16,48.11 1 0
gometrics/cmd/agent/main.go:49.22,51.11 2 0
gometrics/cmd/agent/main.go:52.12,53.72 1 0
gometrics/cmd/agent/main.go:53.72,54.16 1 0
gometrics/cmd/agent/main.go:56.5,56.39 1 0
gometrics/cmd/agent/main.go:59.3,60.56 2 0
gometrics/cmd/agent/main.go:64.2,65.12 2 0
gometrics/cmd/agent/main.go:65.12,67.16 2 0
gometrics/cmd/agent/main.go:67.16,68.11 1 0
gometrics/cmd/agent/main.go:69.22,71.11 2 0
gometrics/cmd/agent/main.go:72.12,73.70 1 0
gometrics/cmd/agent/main.go:73.70,74.16 1 0
gometrics/cmd/agent/main.go:76.5,76.36 1 0
gometrics/cmd/agent/main.go:79.3,80.53 2 0
gometrics/cmd/agent/main.go:84.2,85.12 2 0
gometrics/cmd/agent/main.go:85.12,88.16 3 0
gometrics/cmd/agent/main.go:88.16,89.11 1 0
gometrics/cmd/agent/main.go:90.22,92.11 2 0
gometrics/cmd/agent/main.go:93.12,95.59 1 0
gometrics/cmd/agent/main.go:95.59,96.16 1 0
gometrics/cmd/agent/main.go:98.5,98.33 1 0
gometrics/cmd/agent/main.go:101.3,102.52 2 0
gometrics/cmd/agent/main.go:107.88,109.6 2 0
gometrics/cmd/agent/main.go:109.6,110.10 1 0
gometrics/cmd/agent/main.go:111.21,112.10 1 0
gometrics/cmd/agent/main.go:113.11,115.24 2 0
gometrics/cmd/agent/main.go:115.24,117.5 1 0
gometrics/cmd/agent/main.go:118.4,118.32 1 0
gometrics/cmd/agent/main.go:123.13,125.49 1 0
gometrics/cmd/agent/main.go:125.49,126.13 1 0
gometrics/cmd/agent/main.go:129.2,133.71 3 0
gometrics/cmd/agent/main.go:133.71,135.3 1 0
gometrics/cmd/agent/main.go:138.2,138.75 1 0
gometrics/cmd/agent/main.go:138.75,142.3 3 0
gometrics/cmd/agent/main.go:144.2,144.16 1 0
gometrics/cmd/agent/main.go:144.16,145.59 1 0
gometrics/cmd/agent/main.go:148.2,170.12 13 0
gometrics/cmd/agent/main.go:170.12,173.7 3 0
gometrics/cmd/agent/main.go:173.7,174.11 1 0
gometrics/cmd/agent/main.go:175.24,178.15 2 0
gometrics/cmd/agent/main.go:178.15,181.6 2 0
gometrics/cmd/agent/main.go:182.5,183.15 2 0
gometrics/cmd/agent/main.go:183.15,186.6 2 0
gometrics/cmd/agent/main.go:187.5,187.17 1 0
gometrics/cmd/agent/main.go:188.22,192.11 4 0
gometrics/cmd/agent/main.go:198.2,199.12 2 0
gometrics/cmd/agent/main.go:199.12,201.7 2 0
gometrics/cmd/agent/main.go:201.7,202.11 1 0
gometrics/cmd/agent/main.go:203.26,204.32 1 0
gometrics/cmd/agent/main.go:205.22,208.11 3 0
gometrics/cmd/agent/main.go:214.2,223.12 5 0
gometrics/cmd/agent/main.go:223.12,227.65 3 0
gometrics/cmd/agent/main.go:227.65,231.4 3 0
gometrics/cmd/agent/main.go:232.3,233.36 2 0
gometrics/cmd/agent/main.go:240.2,241.12 2 0
gometrics/cmd/agent/main.go:241.12,246.7 4 0
gometrics/cmd/agent/main.go:246.7,247.11 1 0
gometrics/cmd/agent/main.go:248.22,249.19 1 0
gometrics/cmd/agent/main.go:253.24,255.5 1 0
gometrics/cmd/agent/main.go:255.6,255.6 0 0
gometrics/cmd/agent/main.go:258.3,258.36 1 0
gometrics/cmd/agent/main.go:262.2,269.11 7 0
gometrics/cmd/server/main.go:45.13,54.16 5 0
gometrics/cmd/server/main.go:54.16,55.52 1 0
gometrics/cmd/server/main.go:59.2,60.71 2 0
gometrics/cmd/server/main.go:60.71,62.3 1 0
gometrics/cmd/server/main.go:65.2,74.25 3 0
gometrics/cmd/server/main.go:74.25,78.75 2 0
gometrics/cmd/server/main.go:78.75,82.4 3 0
gometrics/cmd/server/main.go:84.3,84.21 1 0
gometrics/cmd/server/main.go:84.21,85.50 1 0
gometrics/cmd/server/main.go:87.3,87.22 1 0
gometrics/cmd/server/main.go:87.22,91.22 2 0
gometrics/cmd/server/main.go:91.22,93.5 1 0
gometrics/cmd/server/main.go:98.2,98.20 1 0
gometrics/cmd/server/main.go:98.20,99.83 1 0
gometrics/cmd/server/main.go:99.83,103.4 3 0
gometrics/cmd/server/main.go:105.3,105.24 1 0
gometrics/cmd/server/main.go:105.24,106.61 1 0
gometrics/cmd/server/main.go:109.3,109.51 1 0
gometrics/cmd/server/main.go:113.2,114.20 2 0
gometrics/cmd/server/main.go:114.20,116.3 1 0
gometrics/cmd/server/main.go:116.8,118.3 1 0
gometrics/cmd/server/main.go:120.2,126.36 4 0
gometrics/cmd/server/main.go:126.36,128.3 1 0
gometrics/cmd/server/main.go:129.2,141.15 6 0
gometrics/cmd/server/main.go:141.15,142.56 1 0
gometrics/cmd/server/main.go:142.56,144.4 1 0
gometrics/cmd/server/main.go:148.2,148.22 1 0
gometrics/cmd/server/main.go:148.22,154.13 3 0
gometrics/cmd/server/main.go:154.13,156.49 2 0
gometrics/cmd/server/main.go:156.49,157.49 1 0
gometrics/cmd/server/main.go:162.3,162.13 1 0
gometrics/cmd/server/main.go:162.13,170.62 6 0
gometrics/cmd/server/main.go:170.62,171.70 1 0
gometrics/cmd/server/main.go:174.3,174.12 1 0
gometrics/cmd/server/main.go:176.8,176.30 1 0
gometrics/cmd/server/main.go:176.30,182.61 4 0
gometrics/cmd/server/main.go:182.61,183.69 1 0
gometrics/cmd/server/main.go:185.8,186.55 1 0
gometrics/internal/addr/addr.go:28.49,32.2 3 1
gometrics/internal/addr/addr.go:36.32,38.2 1 1
gometrics/internal/addr/addr.go:43.44,45.19 2 1
gometrics/internal/addr/addr.go:45.19,47.3 1 0
gometrics/internal/addr/addr.go:48.2,49.16 2 1
gometrics/internal/addr/addr.go:49.16,51.3 1 0
gometrics/internal/addr/addr.go:52.2,54.12 3 1
gometrics/internal/addr/addr.go:58.33,60.2 1 1
gometrics/internal/addr/addr.go:63.30,65.2 1 1
gometrics/internal/addr/addr.go:69.33,71.2 1 0
gometrics/internal/api/metricsdto/metricsdto_easyjson.go:21.96,23.17 2 0
gometrics/internal/api/metricsdto/metricsdto_easyjson.go:23.17,26.3 2 0
gometrics/internal/api/metricsdto/metricsdto_easyjson.go:26.8,28.18 2 0
gometrics/internal/api/metricsdto/metricsdto_easyjson.go:28.18,29.24 1 0
gometrics/internal/api/metricsdto/metricsdto_easyjson.go:29.24,31.5 1 0
gometrics/internal/api/metricsdto/metricsdto_easyjson.go:31.10,33.5 1 0
gometrics/internal/api/metricsdto/metricsdto_easyjson.go:34.9,36.4 1 0
gometrics/internal/api/metricsdto/metricsdto_easyjson.go:37.3,37.24 1 0
gometrics/internal/api/metricsdto/metricsdto_easyjson.go:37.24,42.4 4 0
gometrics/internal/api/metricsdto/metricsdto_easyjson.go:43.3,43.16 1 0
gometrics/internal/api/metricsdto/metricsdto_easyjson.go:45.2,45.16 1 0
gometrics/internal/api/metricsdto/metricsdto_easyjson.go:45.16,47.3 1 0
gometrics/internal/api/metricsdto/metricsdto_easyjson.go:49.97,50.59 1 0
gometrics/internal/api/metricsdto/metricsdto_easyjson.go:50.59,52.3 1 0
gometrics/internal/api/metricsdto/metricsdto_easyjson.go:52.8,54.26 2 0
gometrics/internal/api/metricsdto/metricsdto_easyjson.go:54.26,55.14 1 0
gometrics/internal/api/metricsdto/metricsdto_easyjson.go:55.14,57.5 1 0
gometrics/internal/api/metricsdto/metricsdto_easyjson.go:58.4,58.29 1 0
gometrics/internal/api/metricsdto/metricsdto_easyjson.go:60.3,60.19 1 0
gometrics/internal/api/metricsdto/metricsdto_easyjson.go:65.53,69.2 3 0
gometrics/internal/api/metricsdto/metricsdto_easyjson.go:72.58,74.2 1 0
gometrics/internal/api/metricsdto/metricsdto_easyjson.go:77.57,81.2 3 0
gometrics/internal/api/metricsdto/metricsdto_easyjson.go:84.59,86.2 1 0
gometrics/internal/api/metricsdto/metricsdto_easyjson.go:87.92,89.17 2 0
gometrics/internal/api/metricsdto/metricsdto_easyjson.go:89.17,90.17 1 0
gometrics/internal/api/metricsdto/metricsdto_easyjson.go:90.17,92.4 1 0
gometrics/internal/api/metricsdto/metricsdto_easyjson.go:93.3,94.9 2 0
gometrics/internal/api/metricsdto/metricsdto_easyjson.go:96.2,97.23 2 0
gometrics/internal/api/metricsdto/metricsdto_easyjson.go:97.23,100.18 3 0
gometrics/internal/api/metricsdto/metricsdto_easyjson.go:100.18,103.12 3 0
gometrics/internal/api/metricsdto/metricsdto_easyjson.go:105.3,105.14 1 0
gometrics/internal/api/metricsdto/metricsdto_easyjson.go:106.13,107.32 1 0
gometrics/internal/api/metricsdto/metricsdto_easyjson.go:108.15,109.35 1 0
gometrics/internal/api/metricsdto/metricsdto_easyjson.go:110.16,111.19 1 0
gometrics/internal/api/metricsdto/metricsdto_easyjson.go:111.19,114.5 2 0
gometrics/internal/api/metricsdto/metricsdto_easyjson.go:114.10,115.25 1 0
gometrics/internal/api/metricsdto/metricsdto_easyjson.go:115.25,117.6 1 0
gometrics/internal/api/metricsdto/metricsdto_easyjson.go:118.5,118.35 1 0
gometrics/internal/api/metricsdto/metricsdto_easyjson.go:120.16,121.19 1 0
gometrics/internal/api/metricsdto/metricsdto_easyjson.go:121.19,124.5 2 0
gometrics/internal/api/metricsdto/metricsdto_easyjson.go:124.10,125.25 1 0
gometrics/internal/api/metricsdto/metricsdto_easyjson.go:125.25,127.6 1 0
gometrics/internal/api/metricsdto/metricsdto_easyjson.go:128.5,128.39 1 0
gometrics/internal/api/metricsdto/metricsdto_easyjson.go:130.11,131.22 1 0
gometrics/internal/api/metricsdto/metricsdto_easyjson.go:133.3,133.17 1 0
gometrics/internal/api/metricsdto/metricsdto_easyjson.go:135.2,136.16 2 0
gometrics/internal/api/metricsdto/metricsdto_easyjson.go:136.16,138.3 1 0
gometrics/internal/api/metricsdto/metricsdto_easyjson.go:140.93,144.2 4 0
gometrics/internal/api/metricsdto/metricsdto_easyjson.go:144.2,148.3 3 0
gometrics/internal/api/metricsdto/metricsdto_easyjson.go:149.2,153.3 3 0
gometrics/internal/api/metricsdto/metricsdto_easyjson.go:154.2,154.21 1 0
gometrics/internal/api/metricsdto/metricsdto_easyjson.go:154.21,158.3 3 0
gometrics/internal/api/metricsdto/metricsdto_easyjson.go:159.2,159.21 1 0
gometrics/internal/api/metricsdto/metricsdto_easyjson.go:159.21,163.3 3 0
gometrics/internal/api/metricsdto/metricsdto_easyjson.go:164.2,164.18 1 0
gometrics/internal/api/metricsdto/metricsdto_easyjson.go:168.48,172.2 3 0
gometrics/internal/api/metricsdto/metricsdto_easyjson.go:175.53,177.2 1 0
gometrics/internal/api/metricsdto/metricsdto_easyjson.go:180.52,184.2 3 0
gometrics/internal/api/metricsdto/metricsdto_easyjson.go:187.54,189.2 1 0
gometrics/internal/clientconfig/clientconfig.go:39.41,41.2 1 1
gometrics/internal/clientconfig/clientconfig.go:44.41,46.2 1 1
gometrics/internal/clientconfig/clientconfig.go:50.34,54.2 1 1
gometrics/internal/clientconfig/clientconfig.go:65.37,67.37 1 0
gometrics/internal/clientconfig/clientconfig.go:67.37,70.3 1 0
gometrics/internal/clientconfig/clientconfig.go:73.2,79.29 2 0
gometrics/internal/clientconfig/clientconfig.go:79.29,86.3 6 0
gometrics/internal/clientconfig/clientconfig.go:89.2,93.18 2 0
gometrics/internal/clientconfig/clientconfig.go:93.18,95.3 1 0
gometrics/internal/clientconfig/clientconfig.go:100.64,102.37 1 1
gometrics/internal/clientconfig/clientconfig.go:102.37,104.3 1 0
gometrics/internal/clientconfig/clientconfig.go:105.2,118.39 9 1
gometrics/internal/clientconfig/clientconfig.go:118.39,120.3 1 0
gometrics/internal/clientconfig/clientconfig.go:122.2,122.18 1 1
gometrics/internal/clientconfig/clientconfig.go:122.18,124.3 1 1
gometrics/internal/clientconfig/clientconfig.go:125.2,125.12 1 1
gometrics/internal/compress/funcions.go:14.44,21.16 4 0
gometrics/internal/compress/funcions.go:21.16,23.3 1 0
gometrics/internal/compress/funcions.go:27.2,28.16 2 0
gometrics/internal/compress/funcions.go:28.16,30.3 1 0
gometrics/internal/compress/funcions.go:33.2,33.23 1 0
gometrics/internal/compress/funcions.go:38.46,41.16 2 0
gometrics/internal/compress/funcions.go:41.16,43.3 1 0
gometrics/internal/compress/funcions.go:44.2,49.16 4 0
gometrics/internal/compress/funcions.go:49.16,51.3 1 0
gometrics/internal/compress/funcions.go:53.2,53.23 1 0
gometrics/internal/compress/gzipHandle.go:19.50,21.2 1 0
gometrics/internal/compress/gzipHandle.go:26.18,29.3 2 0
gometrics/internal/compress/gzipHandle.go:41.18,43.17 2 0
gometrics/internal/compress/gzipHandle.go:43.17,44.14 1 0
gometrics/internal/compress/gzipHandle.go:46.3,46.11 1 0
gometrics/internal/compress/gzipHandle.go:52.55,53.71 1 0
gometrics/internal/compress/gzipHandle.go:53.71,55.66 1 0
gometrics/internal/compress/gzipHandle.go:55.66,58.4 2 0
gometrics/internal/compress/gzipHandle.go:61.3,65.42 3 0
gometrics/internal/compress/gzipHandle.go:65.42,68.4 2 0
gometrics/internal/compress/gzipHandle.go:80.3,82.23 2 0
gometrics/internal/compress/gzipHandle.go:88.55,89.71 1 0
gometrics/internal/compress/gzipHandle.go:89.71,91.65 1 0
gometrics/internal/compress/gzipHandle.go:91.65,94.4 2 0
gometrics/internal/compress/gzipHandle.go:113.3,124.64 6 0
gometrics/internal/db/db.go:37.97,39.16 2 0
gometrics/internal/db/db.go:39.16,41.3 1 0
gometrics/internal/db/db.go:43.2,43.44 1 0
gometrics/internal/db/db.go:43.44,46.3 2 0
gometrics/internal/db/db.go:48.2,49.16 2 0
gometrics/internal/db/db.go:49.16,51.3 1 0
gometrics/internal/db/db.go:52.2,52.15 1 0
gometrics/internal/db/db.go:52.15,53.17 1 0
gometrics/internal/db/db.go:53.17,54.44 1 0
gometrics/internal/db/db.go:54.44,56.5 1 0
gometrics/internal/db/db.go:60.2,60.56 1 0
gometrics/internal/db/db.go:60.56,63.3 2 0
gometrics/internal/db/db.go:65.2,65.39 1 0
gometrics/internal/db/db.go:70.54,72.2 1 0
gometrics/internal/db/db.go:76.84,80.16 3 0
gometrics/internal/db/db.go:80.16,82.3 1 0
gometrics/internal/db/db.go:84.2,91.18 3 0
gometrics/internal/db/db.go:91.18,94.17 3 0
gometrics/internal/db/db.go:94.17,96.4 1 0
gometrics/internal/db/db.go:98.3,98.18 1 0
gometrics/internal/db/db.go:98.18,101.4 2 0
gometrics/internal/db/db.go:102.3,102.18 1 0
gometrics/internal/db/db.go:102.18,105.4 2 0
gometrics/internal/db/db.go:107.3,107.31 1 0
gometrics/internal/db/db.go:110.2,110.34 1 0
gometrics/internal/db/db.go:110.34,112.3 1 0
gometrics/internal/db/db.go:113.2,113.21 1 0
gometrics/internal/db/db.go:122.114,124.16 2 0
gometrics/internal/db/db.go:124.16,126.3 1 0
gometrics/internal/db/db.go:127.2,127.15 1 0
gometrics/internal/db/db.go:127.15,128.17 1 0
gometrics/internal/db/db.go:128.17,129.44 1 0
gometrics/internal/db/db.go:129.44,131.5 1 0
gometrics/internal/db/db.go:135.2,141.16 2 0
gometrics/internal/db/db.go:141.16,143.3 1 0
gometrics/internal/db/db.go:144.2,152.16 3 0
gometrics/internal/db/db.go:152.16,154.3 1 0
gometrics/internal/db/db.go:155.2,157.34 2 0
gometrics/internal/db/db.go:157.34,159.17 2 0
gometrics/internal/db/db.go:159.17,161.4 1 0
gometrics/internal/db/db.go:163.2,163.36 1 0
gometrics/internal/db/db.go:163.36,165.17 2 0
gometrics/internal/db/db.go:165.17,167.4 1 0
gometrics/internal/db/db.go:170.2,170.20 1 0
gometrics/internal/db/db.go:174.40,176.2 1 0
gometrics/internal/db/db.go:179.36,181.2 1 0
gometrics/internal/handlers/handlers.go:38.77,43.2 1 0
gometrics/internal/handlers/handlers.go:46.47,48.2 1 0
gometrics/internal/handlers/handlers.go:51.43,52.36 1 0
gometrics/internal/handlers/handlers.go:52.36,60.3 7 0
gometrics/internal/handlers/handlers.go:75.82,76.74 1 0
gometrics/internal/handlers/handlers.go:76.74,79.3 2 0
gometrics/internal/handlers/handlers.go:79.8,79.82 1 0
gometrics/internal/handlers/handlers.go:79.82,82.3 2 0
gometrics/internal/handlers/handlers.go:86.87,94.16 6 0
gometrics/internal/handlers/handlers.go:94.16,97.3 2 0
gometrics/internal/handlers/handlers.go:99.2,101.16 3 0
gometrics/internal/handlers/handlers.go:101.16,104.3 2 0
gometrics/internal/handlers/handlers.go:105.2,107.16 3 0
gometrics/internal/handlers/handlers.go:107.16,110.3 2 0
gometrics/internal/handlers/handlers.go:111.2,111.32 1 0
gometrics/internal/handlers/handlers.go:122.75,124.16 2 0
gometrics/internal/handlers/handlers.go:124.16,128.3 3 0
gometrics/internal/handlers/handlers.go:129.2,129.32 1 0
gometrics/internal/handlers/handlers.go:141.85,146.27 5 0
gometrics/internal/handlers/handlers.go:146.27,147.72 1 0
gometrics/internal/handlers/handlers.go:147.72,150.4 2 0
gometrics/internal/handlers/handlers.go:152.2,152.32 1 0
gometrics/internal/handlers/handlers.go:167.81,171.20 4 0
gometrics/internal/handlers/handlers.go:172.34,174.17 2 0
gometrics/internal/handlers/handlers.go:174.17,177.4 2 0
gometrics/internal/handlers/handlers.go:178.3,178.59 1 0
gometrics/internal/handlers/handlers.go:178.59,181.4 2 0
gometrics/internal/handlers/handlers.go:182.3,182.33 1 0
gometrics/internal/handlers/handlers.go:183.36,185.17 2 0
gometrics/internal/handlers/handlers.go:185.17,188.4 2 0
gometrics/internal/handlers/handlers.go:189.3,189.59 1 0
gometrics/internal/handlers/handlers.go:189.59,192.4 2 0
gometrics/internal/handlers/handlers.go:193.3,193.33 1 0
gometrics/internal/handlers/handlers.go:194.10,196.9 2 0
gometrics/internal/handlers/handlers.go:211.84,215.20 4 0
gometrics/internal/handlers/handlers.go:216.34,218.17 2 0
gometrics/internal/handlers/handlers.go:218.17,221.4 2 0
gometrics/internal/handlers/handlers.go:222.3,223.17 2 0
gometrics/internal/handlers/handlers.go:223.17,226.4 2 0
gometrics/internal/handlers/handlers.go:227.3,227.33 1 0
gometrics/internal/handlers/handlers.go:228.36,230.17 2 0
gometrics/internal/handlers/handlers.go:230.17,233.4 2 0
gometrics/internal/handlers/handlers.go:234.3,235.17 2 0
gometrics/internal/handlers/handlers.go:235.17,238.4 2 0
gometrics/internal/handlers/handlers.go:239.3,239.33 1 0
gometrics/internal/handlers/handlers.go:240.10,242.9 2 0
gometrics/internal/handlers/jsonParser.go:25.79,31.16 5 0
gometrics/internal/handlers/jsonParser.go:31.16,34.3 2 0
gometrics/internal/handlers/jsonParser.go:36.2,36.64 1 0
gometrics/internal/handlers/jsonParser.go:36.64,39.3 2 0
gometrics/internal/handlers/jsonParser.go:40.2,40.22 1 0
gometrics/internal/handlers/jsonParser.go:41.34,42.26 1 0
gometrics/internal/handlers/jsonParser.go:42.26,45.4 2 0
gometrics/internal/handlers/jsonParser.go:46.3,46.87 1 0
gometrics/internal/handlers/jsonParser.go:46.87,49.4 2 0
gometrics/internal/handlers/jsonParser.go:50.3,50.33 1 0
gometrics/internal/handlers/jsonParser.go:51.36,52.26 1 0
gometrics/internal/handlers/jsonParser.go:52.26,55.4 2 0
gometrics/internal/handlers/jsonParser.go:56.3,56.94 1 0
gometrics/internal/handlers/jsonParser.go:56.94,59.4 2 0
gometrics/internal/handlers/jsonParser.go:60.3,60.33 1 0
gometrics/internal/handlers/jsonParser.go:61.10,63.9 2 0
gometrics/internal/handlers/jsonParser.go:65.2,66.16 2 0
gometrics/internal/handlers/jsonParser.go:66.16,69.3 2 0
gometrics/internal/handlers/jsonParser.go:70.2,71.16 2 0
gometrics/internal/handlers/jsonParser.go:86.78,92.16 5 0
gometrics/internal/handlers/jsonParser.go:92.16,95.3 2 0
gometrics/internal/handlers/jsonParser.go:97.2,97.64 1 0
gometrics/internal/handlers/jsonParser.go:97.64,100.3 2 0
gometrics/internal/handlers/jsonParser.go:101.2,101.22 1 0
gometrics/internal/handlers/jsonParser.go:102.34,104.17 2 0
gometrics/internal/handlers/jsonParser.go:104.17,107.4 2 0
gometrics/internal/handlers/jsonParser.go:108.3,109.33 2 0
gometrics/internal/handlers/jsonParser.go:110.36,112.17 2 0
gometrics/internal/handlers/jsonParser.go:112.17,115.4 2 0
gometrics/internal/handlers/jsonParser.go:116.3,118.33 3 0
gometrics/internal/handlers/jsonParser.go:119.10,121.9 2 0
gometrics/internal/handlers/jsonParser.go:123.2,124.16 2 0
gometrics/internal/handlers/jsonParser.go:124.16,127.3 2 0
gometrics/internal/handlers/jsonParser.go:128.2,129.16 2 0
gometrics/internal/handlers/jsonParser.go:134.84,140.16 5 0
gometrics/internal/handlers/jsonParser.go:140.16,143.3 2 0
gometrics/internal/handlers/jsonParser.go:145.2,145.71 1 0
gometrics/internal/handlers/jsonParser.go:145.71,148.3 2 0
gometrics/internal/handlers/jsonParser.go:156.2,157.16 2 0
gometrics/internal/handlers/jsonParser.go:157.16,160.3 2 0
gometrics/internal/handlers/jsonParser.go:162.2,163.16 2 0
gometrics/internal/handlers/jsonParser.go:163.16,166.3 2 0
gometrics/internal/handlers/jsonParser.go:167.2,168.16 2 0
gometrics/internal/logger/logger.go:32.52,34.16 2 0
gometrics/internal/logger/logger.go:34.16,36.3 1 0
gometrics/internal/logger/logger.go:37.2,37.44 1 0
gometrics/internal/logger/logger.go:40.62,44.2 3 0
gometrics/internal/logger/logger.go:46.61,47.23 1 0
gometrics/internal/logger/logger.go:47.23,49.3 1 0
gometrics/internal/logger/logger.go:50.2,50.36 1 0
gometrics/internal/logger/logger.go:53.66,54.56 1 0
gometrics/internal/logger/logger.go:54.56,74.65 11 0
gometrics/internal/logger/logger.go:74.65,76.18 2 0
gometrics/internal/logger/logger.go:76.18,78.5 1 0
gometrics/internal/logger/logger.go:80.9,82.4 1 0
gometrics/internal/logger/logger.go:83.3,91.4 2 0
gometrics/internal/logger/logger.go:93.2,93.32 1 0
gometrics/internal/persist/persistStorage.go:40.81,43.24 1 0
gometrics/internal/persist/persistStorage.go:43.24,45.3 1 0
gometrics/internal/persist/persistStorage.go:47.2,52.16 4 0
gometrics/internal/persist/persistStorage.go:52.16,54.3 1 0
gometrics/internal/persist/persistStorage.go:56.2,59.16 3 0
gometrics/internal/persist/persistStorage.go:59.16,61.3 1 0
gometrics/internal/persist/persistStorage.go:63.2,69.22 2 0
gometrics/internal/persist/persistStorage.go:77.125,79.34 2 0
gometrics/internal/persist/persistStorage.go:79.34,86.3 3 0
gometrics/internal/persist/persistStorage.go:87.2,87.36 1 0
gometrics/internal/persist/persistStorage.go:87.36,94.3 3 0
gometrics/internal/persist/persistStorage.go:96.2,97.16 2 0
gometrics/internal/persist/persistStorage.go:97.16,99.3 1 0
gometrics/internal/persist/persistStorage.go:101.2,107.30 4 0
gometrics/internal/persist/persistStorage.go:107.30,109.3 1 0
gometrics/internal/persist/persistStorage.go:111.2,111.39 1 0
gometrics/internal/persist/persistStorage.go:115.47,116.21 1 0
gometrics/internal/persist/persistStorage.go:116.21,118.3 1 0
gometrics/internal/persist/persistStorage.go:120.2,122.26 2 0
gometrics/internal/persist/persistStorage.go:122.26,124.3 1 0
gometrics/internal/persist/persistStorage.go:126.2,127.40 2 0
gometrics/internal/persist/persistStorage.go:127.40,129.3 1 0
gometrics/internal/persist/persistStorage.go:131.2,131.12 1 0
gometrics/internal/persist/persistStorage.go:137.76,139.16 2 0
gometrics/internal/persist/persistStorage.go:139.16,141.3 1 0
gometrics/internal/persist/persistStorage.go:145.2,145.56 1 0
gometrics/internal/persist/persistStorage.go:145.56,147.3 1 0
gometrics/internal/persist/persistStorage.go:149.2,149.56 1 0
gometrics/internal/persist/persistStorage.go:149.56,151.3 1 0
gometrics/internal/persist/persistStorage.go:153.2,153.12 1 0
gometrics/internal/persist/persistStorage.go:158.95,161.26 2 0
gometrics/internal/persist/persistStorage.go:161.26,164.3 2 0
gometrics/internal/persist/persistStorage.go:166.2,170.63 3 0
gometrics/internal/persist/persistStorage.go:170.63,172.3 1 0
gometrics/internal/persist/persistStorage.go:174.2,175.28 2 0
gometrics/internal/persist/persistStorage.go:175.28,178.3 2 0
gometrics/internal/persist/persistStorage.go:180.2,181.16 2 0
gometrics/internal/persist/persistStorage.go:181.16,183.3 1 0
gometrics/internal/persist/persistStorage.go:185.2,185.39 1 0
gometrics/internal/persist/persistStorage.go:185.39,188.3 2 0
gometrics/internal/persist/persistStorage.go:190.2,190.55 1 0
gometrics/internal/persist/persistStorage.go:190.55,193.21 2 0
gometrics/internal/persist/persistStorage.go:193.21,195.4 1 0
gometrics/internal/persist/persistStorage.go:196.3,196.94 1 0
gometrics/internal/persist/persistStorage.go:199.2,199.19 1 0
gometrics/internal/persist/persistStorage.go:203.65,204.26 1 0
gometrics/internal/persist/persistStorage.go:204.26,206.3 1 0
gometrics/internal/persist/persistStorage.go:207.2,208.16 2 0
gometrics/internal/persist/persistStorage.go:208.16,210.3 1 0
gometrics/internal/persist/persistStorage.go:211.2,211.12 1 0
gometrics/internal/persist/persistStorage.go:215.51,217.2 1 0
gometrics/internal/persist/persistStorage.go:221.47,225.52 3 0
gometrics/internal/persist/persistStorage.go:225.52,227.3 1 0
gometrics/internal/persist/persistStorage.go:229.2,229.39 1 0
gometrics/internal/persist/persistStorage.go:234.61,235.26 1 0
gometrics/internal/persist/persistStorage.go:235.26,237.3 1 0
gometrics/internal/persist/persistStorage.go:240.2,240.50 1 0
gometrics/internal/persist/persistStorage.go:240.50,242.3 1 0
gometrics/internal/persist/persistStorage.go:243.2,243.63 1 0
gometrics/internal/persist/persistStorage.go:243.63,245.3 1 0
gometrics/internal/persist/persistStorage.go:247.2,249.31 2 0
gometrics/internal/persist/persistStorage.go:249.31,250.68 1 0
gometrics/internal/persist/persistStorage.go:250.68,252.4 1 0
gometrics/internal/persist/persistStorage.go:255.2,255.48 1 0
gometrics/internal/persist/persistStorage.go:255.48,257.3 1 0
gometrics/internal/persist/persistStorage.go:260.2,260.29 1 0
gometrics/internal/retry/retry.go:24.34,30.2 1 0
gometrics/internal/retry/retry.go:32.110,34.19 2 0
gometrics/internal/retry/retry.go:34.19,36.3 1 0
gometrics/internal/retry/retry.go:38.2,39.24 2 0
gometrics/internal/retry/retry.go:39.24,41.3 1 0
gometrics/internal/retry/retry.go:43.2,46.50 3 0
gometrics/internal/retry/retry.go:46.50,47.23 1 0
gometrics/internal/retry/retry.go:47.23,49.4 1 0
gometrics/internal/retry/retry.go:51.3,52.17 2 0
gometrics/internal/retry/retry.go:52.17,54.4 1 0
gometrics/internal/retry/retry.go:56.3,56.49 1 0
gometrics/internal/retry/retry.go:56.49,58.4 1 0
gometrics/internal/retry/retry.go:60.3,61.25 2 0
gometrics/internal/retry/retry.go:61.25,63.4 1 0
gometrics/internal/retry/retry.go:65.3,65.10 1 0
gometrics/internal/retry/retry.go:66.28,66.28 0 0
gometrics/internal/retry/retry.go:67.21,68.25 1 0
gometrics/internal/retry/retry.go:72.2,72.17 1 0
gometrics/internal/retry/retry.go:75.67,76.26 1 0
gometrics/internal/retry/retry.go:76.26,78.3 1 0
gometrics/internal/retry/retry.go:79.2,79.32 1 0
gometrics/internal/retry/retry.go:79.32,81.3 1 0
gometrics/internal/retry/retry.go:82.2,82.28 1 0
gometrics/internal/retry/retry.go:85.41,86.16 1 0
gometrics/internal/retry/retry.go:86.16,88.3 1 0
gometrics/internal/retry/retry.go:89.2,89.82 1 0
gometrics/internal/retry/retry.go:89.82,91.3 1 0
gometrics/internal/retry/retry.go:93.2,94.29 2 0
gometrics/internal/retry/retry.go:94.29,95.23 1 0
gometrics/internal/retry/retry.go:95.23,97.4 1 0
gometrics/internal/retry/retry.go:98.3,98.19 1 0
gometrics/internal/retry/retry.go:101.2,102.29 2 0
gometrics/internal/retry/retry.go:102.29,103.23 1 0
gometrics/internal/retry/retry.go:103.23,105.4 1 0
gometrics/internal/retry/retry.go:109.2,110.28 2 0
gometrics/internal/retry/retry.go:110.28,112.44 2 0
gometrics/internal/retry/retry.go:112.44,114.4 1 0
gometrics/internal/retry/retry.go:117.3,117.40 1 0
gometrics/internal/retry/retry.go:117.40,119.4 1 0
gometrics/internal/retry/retry.go:122.2,123.30 2 0
gometrics/internal/retry/retry.go:123.30,126.42 1 0
gometrics/internal/retry/retry.go:126.42,128.4 1 0
gometrics/internal/retry/retry.go:129.3,129.15 1 0
gometrics/internal/retry/retry.go:132.2,135.44 2 0
gometrics/internal/retry/retry.go:135.44,137.3 1 0
gometrics/internal/retry/retry.go:139.2,139.14 1 0
gometrics/internal/runtimemetrics/runtimemetrics.go:59.74,67.2 1 0
gometrics/internal/runtimemetrics/runtimemetrics.go:73.83,75.16 2 0
gometrics/internal/runtimemetrics/runtimemetrics.go:75.16,77.3 1 0
gometrics/internal/runtimemetrics/runtimemetrics.go:78.2,79.16 2 0
gometrics/internal/runtimemetrics/runtimemetrics.go:79.16,81.3 1 0
gometrics/internal/runtimemetrics/runtimemetrics.go:82.2,84.101 3 0
gometrics/internal/runtimemetrics/runtimemetrics.go:84.101,86.3 1 0
gometrics/internal/runtimemetrics/runtimemetrics.go:87.2,87.100 1 0
gometrics/internal/runtimemetrics/runtimemetrics.go:87.100,89.3 1 0
gometrics/internal/runtimemetrics/runtimemetrics.go:91.2,91.25 1 0
gometrics/internal/runtimemetrics/runtimemetrics.go:91.25,92.96 1 0
gometrics/internal/runtimemetrics/runtimemetrics.go:92.96,94.4 1 0
gometrics/internal/runtimemetrics/runtimemetrics.go:97.2,97.12 1 0
gometrics/internal/runtimemetrics/runtimemetrics.go:102.78,104.19 2 0
gometrics/internal/runtimemetrics/runtimemetrics.go:105.16,106.39 1 0
gometrics/internal/runtimemetrics/runtimemetrics.go:107.16,108.39 1 0
gometrics/internal/runtimemetrics/runtimemetrics.go:109.17,110.31 1 0
gometrics/internal/runtimemetrics/runtimemetrics.go:111.17,112.31 1 0
gometrics/internal/runtimemetrics/runtimemetrics.go:113.10,114.63 1 0
gometrics/internal/runtimemetrics/runtimemetrics.go:120.80,125.37 4 0
gometrics/internal/runtimemetrics/runtimemetrics.go:125.37,127.29 2 0
gometrics/internal/runtimemetrics/runtimemetrics.go:127.29,129.4 1 0
gometrics/internal/runtimemetrics/runtimemetrics.go:130.3,131.17 2 0
gometrics/internal/runtimemetrics/runtimemetrics.go:131.17,133.4 1 0
gometrics/internal/runtimemetrics/runtimemetrics.go:134.3,134.35 1 0
gometrics/internal/runtimemetrics/runtimemetrics.go:137.2,139.39 3 0
gometrics/internal/runtimemetrics/runtimemetrics.go:139.39,141.17 2 0
gometrics/internal/runtimemetrics/runtimemetrics.go:141.17,143.4 1 0
gometrics/internal/runtimemetrics/runtimemetrics.go:146.2,146.12 1 0
gometrics/internal/runtimemetrics/runtimemetrics.go:150.100,152.44 2 0
gometrics/internal/runtimemetrics/runtimemetrics.go:152.44,154.3 1 0
gometrics/internal/runtimemetrics/runtimemetrics.go:155.2,156.18 2 0
gometrics/internal/runtimemetrics/runtimemetrics.go:162.92,163.9 1 0
gometrics/internal/runtimemetrics/runtimemetrics.go:164.20,165.13 1 0
gometrics/internal/runtimemetrics/runtimemetrics.go:166.10,167.11 1 0
gometrics/internal/runtimemetrics/runtimemetrics.go:167.11,168.52 1 0
gometrics/internal/runtimemetrics/runtimemetrics.go:168.52,170.5 1 0
gometrics/internal/runtimemetrics/runtimemetrics.go:171.4,173.72 3 0
gometrics/internal/runtimemetrics/runtimemetrics.go:173.72,175.5 1 0
gometrics/internal/runtimemetrics/runtimemetrics.go:176.4,176.85 1 0
gometrics/internal/runtimemetrics/runtimemetrics.go:176.85,178.5 1 0
gometrics/internal/runtimemetrics/runtimemetrics.go:179.9,180.55 1 0
gometrics/internal/runtimemetrics/runtimemetrics.go:180.55,182.5 1 0
gometrics/internal/runtimemetrics/runtimemetrics.go:185.2,185.12 1 0
gometrics/internal/runtimemetrics/runtimemetrics.go:191.111,192.31 1 0
gometrics/internal/runtimemetrics/runtimemetrics.go:192.31,203.17 6 0
gometrics/internal/runtimemetrics/runtimemetrics.go:203.17,205.4 1 0
gometrics/internal/runtimemetrics/runtimemetrics.go:207.3,207.19 1 0
gometrics/internal/runtimemetrics/runtimemetrics.go:208.15,210.18 2 0
gometrics/internal/runtimemetrics/runtimemetrics.go:210.18,212.5 1 0
gometrics/internal/runtimemetrics/runtimemetrics.go:213.4,214.42 1 0
gometrics/internal/runtimemetrics/runtimemetrics.go:215.11,216.27 1 0
gometrics/internal/runtimemetrics/runtimemetrics.go:219.3,219.16 1 0
gometrics/internal/runtimemetrics/runtimemetrics.go:219.16,221.18 2 0
gometrics/internal/runtimemetrics/runtimemetrics.go:221.18,223.5 1 0
gometrics/internal/runtimemetrics/runtimemetrics.go:224.4,224.57 1 0
gometrics/internal/runtimemetrics/runtimemetrics.go:227.3,230.60 3 0
gometrics/internal/runtimemetrics/runtimemetrics.go:230.60,233.4 2 0
gometrics/internal/runtimemetrics/runtimemetrics.go:234.3,236.17 2 0
gometrics/internal/runtimemetrics/runtimemetrics.go:236.17,238.4 1 0
gometrics/internal/runtimemetrics/runtimemetrics.go:240.2,240.12 1 0
gometrics/internal/runtimemetrics/runtimemetrics.go:245.96,246.73 1 0
gometrics/internal/runtimemetrics/runtimemetrics.go:246.73,247.80 1 0
gometrics/internal/runtimemetrics/runtimemetrics.go:252.118,253.27 1 0
gometrics/internal/runtimemetrics/runtimemetrics.go:253.27,256.17 3 0
gometrics/internal/runtimemetrics/runtimemetrics.go:256.17,258.4 1 0
gometrics/internal/runtimemetrics/runtimemetrics.go:259.3,260.34 2 0
gometrics/internal/runtimemetrics/runtimemetrics.go:262.2,262.20 1 0
gometrics/internal/runtimemetrics/runtimemetrics.go:266.120,267.27 1 0
gometrics/internal/runtimemetrics/runtimemetrics.go:267.27,272.17 4 0
gometrics/internal/runtimemetrics/runtimemetrics.go:272.17,274.4 1 0
gometrics/internal/runtimemetrics/runtimemetrics.go:275.3,276.34 2 0
gometrics/internal/runtimemetrics/runtimemetrics.go:278.2,278.20 1 0
gometrics/internal/runtimemetrics/runtimemetrics.go:283.69,293.6 4 0
gometrics/internal/runtimemetrics/runtimemetrics.go:293.6,295.55 1 0
gometrics/internal/runtimemetrics/runtimemetrics.go:295.55,297.4 1 0
gometrics/internal/runtimemetrics/runtimemetrics.go:297.9,297.38 1 0
gometrics/internal/runtimemetrics/runtimemetrics.go:297.38,299.4 1 0
gometrics/internal/runtimemetrics/runtimemetrics.go:299.9,301.4 1 0
gometrics/internal/runtimemetrics/runtimemetrics.go:304.3,304.51 1 0
gometrics/internal/runtimemetrics/runtimemetrics.go:304.51,306.4 1 0
gometrics/internal/runtimemetrics/runtimemetrics.go:306.9,306.36 1 0
gometrics/internal/runtimemetrics/runtimemetrics.go:306.36,308.4 1 0
gometrics/internal/runtimemetrics/runtimemetrics.go:308.9,310.4 1 0
gometrics/internal/runtimemetrics/runtimemetrics.go:313.3,314.17 2 0
gometrics/internal/runtimemetrics/runtimemetrics.go:314.17,315.14 1 0
gometrics/internal/runtimemetrics/runtimemetrics.go:318.3,320.27 2 0
gometrics/internal/runtimemetrics/runtimemetrics.go:320.27,323.70 1 0
gometrics/internal/runtimemetrics/runtimemetrics.go:323.70,324.10 1 0
gometrics/internal/runtimemetrics/runtimemetrics.go:327.4,327.46 1 0
gometrics/internal/runtimemetrics/runtimemetrics.go:327.46,328.10 1 0
gometrics/internal/runtimemetrics/runtimemetrics.go:331.3,331.10 1 0
gometrics/internal/runtimemetrics/runtimemetrics.go:333.2,333.12 1 0
gometrics/internal/runtimemetrics/runtimemetrics.go:337.87,338.23 1 0
gometrics/internal/runtimemetrics/runtimemetrics.go:338.23,340.3 1 0
gometrics/internal/runtimemetrics/runtimemetrics.go:344.60,346.2 1 0
gometrics/internal/runtimemetrics/runtimemetrics.go:349.170,352.16 3 0
gometrics/internal/runtimemetrics/runtimemetrics.go:352.16,354.3 1 0
gometrics/internal/runtimemetrics/runtimemetrics.go:355.2,358.16 3 0
gometrics/internal/runtimemetrics/runtimemetrics.go:358.16,360.3 1 0
gometrics/internal/runtimemetrics/runtimemetrics.go:361.2,362.21 2 0
gometrics/internal/runtimemetrics/runtimemetrics.go:366.45,368.2 1 0
gometrics/internal/serverconfig/serverconfig.go:21.42,23.2 1 0
gometrics/internal/serverconfig/serverconfig.go:25.42,27.2 1 0
gometrics/internal/serverconfig/serverconfig.go:29.42,31.2 1 0
gometrics/internal/serverconfig/serverconfig.go:33.35,37.2 1 0
gometrics/internal/serverconfig/serverconfig.go:39.38,40.37 1 0
gometrics/internal/serverconfig/serverconfig.go:40.37,42.3 1 0
gometrics/internal/serverconfig/serverconfig.go:44.2,53.18 9 0
gometrics/internal/serverconfig/serverconfig.go:53.18,55.3 1 0
gometrics/internal/service/service.go:43.62,45.2 1 0
gometrics/internal/service/service.go:48.51,50.2 1 0
gometrics/internal/service/service.go:54.78,57.16 3 0
gometrics/internal/service/service.go:57.16,59.3 1 0
gometrics/internal/service/service.go:60.2,60.19 1 0
gometrics/internal/service/service.go:65.76,68.16 3 0
gometrics/internal/service/service.go:68.16,70.3 1 0
gometrics/internal/service/service.go:71.2,71.19 1 0
gometrics/internal/service/service.go:79.94,85.48 4 0
gometrics/internal/service/service.go:85.48,88.3 2 0
gometrics/internal/service/service.go:90.2,92.52 2 0
gometrics/internal/service/service.go:92.52,95.3 2 0
gometrics/internal/service/service.go:97.2,99.39 2 0
gometrics/internal/service/service.go:103.72,106.2 2 0
gometrics/internal/service/service.go:109.70,112.2 2 0
gometrics/internal/service/service.go:116.85,117.56 1 0
gometrics/internal/service/service.go:117.56,119.3 1 0
gometrics/internal/service/service.go:123.2,123.31 1 0
gometrics/internal/service/service.go:123.31,126.89 3 0
gometrics/internal/service/service.go:126.89,128.4 1 0
gometrics/internal/service/service.go:130.2,130.12 1 0
gometrics/internal/service/service.go:135.83,136.58 1 0
gometrics/internal/service/service.go:136.58,138.3 1 0
gometrics/internal/service/service.go:139.2,139.48 1 0
gometrics/internal/service/service.go:139.48,142.89 3 0
gometrics/internal/service/service.go:142.89,144.4 1 0
gometrics/internal/service/service.go:146.2,146.12 1 0
gometrics/internal/service/service.go:151.61,155.16 2 0
gometrics/internal/service/service.go:155.16,157.3 1 0
gometrics/internal/service/service.go:158.2,158.33 1 0
gometrics/internal/service/service.go:158.33,159.57 1 0
gometrics/internal/service/service.go:159.57,161.4 1 0
gometrics/internal/service/service.go:163.2,163.12 1 0
gometrics/internal/service/service.go:168.91,169.22 1 0
gometrics/internal/service/service.go:170.34,171.26 1 0
gometrics/internal/service/service.go:171.26,174.4 2 0
gometrics/internal/service/service.go:175.3,175.70 1 0
gometrics/internal/service/service.go:175.70,177.4 1 0
gometrics/internal/service/service.go:178.36,179.26 1 0
gometrics/internal/service/service.go:179.26,182.4 2 0
gometrics/internal/service/service.go:183.3,183.77 1 0
gometrics/internal/service/service.go:183.77,185.4 1 0
gometrics/internal/service/service.go:186.10,187.43 1 0
gometrics/internal/service/service.go:189.2,189.12 1 0
gometrics/internal/service/service.go:193.99,194.33 1 0
gometrics/internal/service/service.go:194.33,196.17 2 0
gometrics/internal/service/service.go:196.17,198.4 1 0
gometrics/internal/service/service.go:200.2,200.12 1 0
gometrics/internal/service/service.go:204.41,205.41 1 0
gometrics/internal/service/service.go:205.41,207.3 1 0
gometrics/internal/service/service.go:208.2,208.12 1 0
gometrics/internal/service/service.go:214.37,217.6 2 0
gometrics/internal/service/service.go:217.6,218.42 1 0
gometrics/internal/service/service.go:218.42,220.4 1 0
gometrics/internal/service/service.go:221.3,221.45 1 0
gometrics/internal/signature/signature.go:22.83,29.2 1 0
gometrics/internal/signature/signature.go:31.53,31.83 1 0
gometrics/internal/signature/signature.go:32.53,32.72 1 0
gometrics/internal/signature/signature.go:33.60,35.2 1 0
gometrics/internal/signature/signature.go:37.73,39.16 2 0
gometrics/internal/signature/signature.go:39.16,41.3 1 0
gometrics/internal/signature/signature.go:42.2,50.48 7 0
gometrics/internal/signature/signature.go:53.55,54.59 1 0
gometrics/internal/signature/signature.go:54.59,56.3 1 0
gometrics/internal/signature/signature.go:57.2,59.44 3 0
gometrics/internal/signature/signature.go:62.70,65.46 2 0
gometrics/internal/signature/signature.go:65.46,66.72 1 0
gometrics/internal/signature/signature.go:66.72,67.21 1 0
gometrics/internal/signature/signature.go:67.21,70.5 2 0
gometrics/internal/signature/signature.go:72.4,73.23 2 0
gometrics/internal/signature/signature.go:73.23,75.5 1 0
gometrics/internal/signature/signature.go:77.4,77.64 1 0
gometrics/internal/signature/signature.go:77.64,78.43 1 0
gometrics/internal/signature/signature.go:78.43,81.6 2 0
gometrics/internal/signature/signature.go:84.4,86.43 3 0
gometrics/internal/signature/signature.go:86.43,88.5 1 0
gometrics/internal/storage/storage.go:26.34,33.2 1 0
gometrics/internal/storage/storage.go:38.66,43.8 5 0
gometrics/internal/storage/storage.go:43.8,45.3 1 0
gometrics/internal/storage/storage.go:46.2,46.25 1 0
gometrics/internal/storage/storage.go:52.64,57.8 5 0
gometrics/internal/storage/storage.go:57.8,59.3 1 0
gometrics/internal/storage/storage.go:60.2,60.25 1 0
gometrics/internal/storage/storage.go:66.73,73.2 6 0
gometrics/internal/storage/storage.go:78.71,86.2 6 0
gometrics/internal/storage/storage.go:90.61,94.34 4 0
gometrics/internal/storage/storage.go:94.34,96.17 2 0
gometrics/internal/storage/storage.go:96.17,98.4 1 0
gometrics/internal/storage/storage.go:99.3,99.20 1 0
gometrics/internal/storage/storage.go:101.2,101.16 1 0
gometrics/internal/storage/storage.go:106.59,110.36 4 0
gometrics/internal/storage/storage.go:110.36,112.17 2 0
gometrics/internal/storage/storage.go:112.17,114.4 1 0
gometrics/internal/storage/storage.go:115.3,115.20 1 0
gometrics/internal/storage/storage.go:117.2,117.16 1 0
gometrics/internal/storage/storage.go:121.49,129.2 7 0
gometrics/swagger/docs.go:349.13,351.2 1 0
gometrics/cmd/agent/main.go:42.156,45.12 2 0
gometrics/cmd/agent/main.go:45.12,47.16 2 0
gometrics/cmd/agent/main.go:47.16,48.11 1 0
gometrics/cmd/agent/main.go:49.22,51.11 2 0
gometrics/cmd/agent/main.go:52.12,53.72 1 0
gometrics/cmd/agent/main.go:53.72,54.16 1 0
gometrics/cmd/agent/main.go:56.5,56.39 1 0
gometrics/cmd/agent/main.go:59.3,60.56 2 0
gometrics/cmd/agent/main.go:64.2,65.12 2 0
gometrics/cmd/agent/main.go:65.12,67.16 2 0
gometrics/cmd/agent/main.go:67.16,68.11 1 0
gometrics/cmd/agent/main.go:69.22,71.11 2 0
gometrics/cmd/agent/main.go:72.12,73.70 1 0
gometrics/cmd/agent/main.go:73.70,74.16 1 0
gometrics/cmd/agent/main.go:76.5,76.36 1 0
gometrics/cmd/agent/main.go:79.3,80.53 2 0
gometrics/cmd/agent/main.go:84.2,85.12 2 0
gometrics/cmd/agent/main.go:85.12,88.16 3 0
gometrics/cmd/agent/main.go:88.16,89.11 1 0
gometrics/cmd/agent/main.go:90.22,92.11 2 0
gometrics/cmd/agent/main.go:93.12,95.59 1 0
gometrics/cmd/agent/main.go:95.59,96.16 1 0
gometrics/cmd/agent/main.go:98.5,98.33 1 0
gometrics/cmd/agent/main.go:101.3,102.52 2 0
gometrics/cmd/agent/main.go:107.88,109.6 2 0
gometrics/cmd/agent/main.go:109.6,110.10 1 0
gometrics/cmd/agent/main.go:111.21,112.10 1 0
gometrics/cmd/agent/main.go:113.11,115.24 2 0
gometrics/cmd/agent/main.go:115.24,117.5 1 0
gometrics/cmd/agent/main.go:118.4,118.32 1 0
gometrics/cmd/agent/main.go:123.13,125.49 1 0
gometrics/cmd/agent/main.go:125.49,126.13 1 0
gometrics/cmd/agent/main.go:129.2,133.71 3 0
gometrics/cmd/agent/main.go:133.71,135.3 1 0
gometrics/cmd/agent/main.go:138.2,138.75 1 0
gometrics/cmd/agent/main.go:138.75,142.3 3 0
gometrics/cmd/agent/main.go:144.2,144.16 1 0
gometrics/cmd/agent/main.go:144.16,145.59 1 0
gometrics/cmd/agent/main.go:148.2,170.12 13 0
gometrics/cmd/agent/main.go:170.12,173.7 3 0
gometrics/cmd/agent/main.go:173.7,174.11 1 0
gometrics/cmd/agent/main.go:175.24,178.15 2 0
gometrics/cmd/agent/main.go:178.15,181.6 2 0
gometrics/cmd/agent/main.go:182.5,183.15 2 0
gometrics/cmd/agent/main.go:183.15,186.6 2 0
gometrics/cmd/agent/main.go:187.5,187.17 1 0
[...]
gometrics/internal/logger/logger.go:32.52,34.16 2 0
gometrics/internal/logger/logger.go:34.16,36.3 1 0
gometrics/internal/logger/logger.go:37.2,37.44 1 0
gometrics/internal/logger/logger.go:40.62,44.2 3 0
gometrics/internal/logger/logger.go:46.61,47.23 1 0
gometrics/internal/logger/logger.go:47.23,49.3 1 0
gometrics/internal/logger/logger.go:50.2,50.36 1 0
gometrics/internal/logger/logger.go:53.66,54.56 1 0
gometrics/internal/logger/logger.go:54.56,74.65 11 0
gometrics/internal/logger/logger.go:74.65,76.18 2 0
gometrics/internal/logger/logger.go:76.18,78.5 1 0
gometrics/internal/logger/logger.go:80.9,82.4 1 0
gometrics/internal/logger/logger.go:83.3,91.4 2 0
gometrics/internal/logger/logger.go:93.2,93.32 1 0
gometrics/internal/persist/persistStorage.go:40.81,43.24 1 0
gometrics/internal/persist/persistStorage.go:43.24,45.3 1 0
gometrics/internal/persist/persistStorage.go:47.2,52.16 4 0
gometrics/internal/persist/persistStorage.go:52.16,54.3 1 0
gometrics/internal/persist/persistStorage.go:56.2,59.16 3 0
gometrics/internal/persist/persistStorage.go:59.16,61.3 1 0
gometrics/internal/persist/persistStorage.go:63.2,69.22 2 0
gometrics/internal/persist/persistStorage.go:77.125,79.34 2 0
gometrics/internal/persist/persistStorage.go:79.34,86.3 3 0
gometrics/internal/persist/persistStorage.go:87.2,87.36 1 0
gometrics/internal/persist/persistStorage.go:87.36,94.3 3 0
gometrics/internal/persist/persistStorage.go:96.2,97.16 2 0
gometrics/internal/persist/persistStorage.go:97.16,99.3 1 0
gometrics/internal/persist/persistStorage.go:101.2,107.30 4 0
gometrics/internal/persist/persistStorage.go:107.30,109.3 1 0
gometrics/internal/persist/persistStorage.go:111.2,111.39 1 0
gometrics/internal/persist/persistStorage.go:115.47,116.21 1 0
gometrics/internal/persist/persistStorage.go:116.21,118.3 1 0
gometrics/internal/persist/persistStorage.go:120.2,122.26 2 0
gometrics/internal/persist/persistStorage.go:122.26,124.3 1 0
gometrics/internal/persist/persistStorage.go:126.2,127.40 2 0
gometrics/internal/persist/persistStorage.go:127.40,129.3 1 0
gometrics/internal/persist/persistStorage.go:131.2,131.12 1 0
gometrics/internal/persist/persistStorage.go:137.76,139.16 2 0
gometrics/internal/persist/persistStorage.go:139.16,141.3 1 0
gometrics/internal/persist/persistStorage.go:145.2,145.56 1 0
gometrics/internal/persist/persistStorage.go:145.56,147.3 1 0
gometrics/internal/persist/persistStorage.go:149.2,149.56 1 0
gometrics/internal/persist/persistStorage.go:149.56,151.3 1 0
gometrics/internal/persist/persistStorage.go:153.2,153.12 1 0
gometrics/internal/persist/persistStorage.go:158.95,161.26 2 0
gometrics/internal/persist/persistStorage.go:161.26,164.3 2 0
gometrics/internal/persist/persistStorage.go:166.2,170.63 3 0
gometrics/internal/persist/persistStorage.go:170.63,172.3 1 0
gometrics/internal/persist/persistStorage.go:174.2,175.28 2 0
gometrics/internal/persist/persistStorage.go:175.28,178.3 2 0
gometrics/internal/persist/persistStorage.go:180.2,181.16 2 0
gometrics/internal/persist/persistStorage.go:181.16,183.3 1 0
gometrics/internal/persist/persistStorage.go:185.2,185.39 1 0
gometrics/internal/persist/persistStorage.go:185.39,188.3 2 0
gometrics/internal/persist/persistStorage.go:190.2,190.55 1 0
gometrics/internal/persist/persistStorage.go:190.55,193.21 2 0
gometrics/internal/persist/persistStorage.go:193.21,195.4 1 0
gometrics/internal/persist/persistStorage.go:196.3,196.94 1 0
gometrics/internal/persist/persistStorage.go:199.2,199.19 1 0
gometrics/internal/persist/persistStorage.go:203.65,204.26 1 0
gometrics/internal/persist/persistStorage.go:204.26,206.3 1 0
gometrics/internal/persist/persistStorage.go:207.2,208.16 2 0
gometrics/internal/persist/persistStorage.go:208.16,210.3 1 0
gometrics/internal/persist/persistStorage.go:211.2,211.12 1 0
gometrics/internal/persist/persistStorage.go:215.51,217.2 1 0
gometrics/internal/persist/persistStorage.go:221.47,225.52 3 0
gometrics/internal/persist/persistStorage.go:225.52,227.3 1 0
gometrics/internal/persist/persistStorage.go:229.2,229.39 1 0
gometrics/internal/persist/persistStorage.go:234.61,235.26 1 0
gometrics/internal/persist/persistStorage.go:235.26,237.3 1 0
gometrics/internal/persist/persistStorage.go:240.2,240.50 1 0
gometrics/internal/persist/persistStorage.go:240.50,242.3 1 0
gometrics/internal/persist/persistStorage.go:243.2,243.63 1 0
gometrics/internal/persist/persistStorage.go:243.63,245.3 1 0
gometrics/internal/persist/persistStorage.go:247.2,249.31 2 0
gometrics/internal/persist/persistStorage.go:249.31,250.68 1 0
gometrics/internal/persist/persistStorage.go:250.68,252.4 1 0
gometrics/internal/persist/persistStorage.go:255.2,255.48 1 0
gometrics/internal/persist/persistStorage.go:255.48,257.3 1 0
gometrics/internal/persist/persistStorage.go:260.2,260.29 1 0
gometrics/internal/retry/retry.go:24.34,30.2 1 0
gometrics/internal/retry/retry.go:32.110,34.19 2 0
gometrics/internal/retry/retry.go:34.19,36.3 1 0
gometrics/internal/retry/retry.go:38.2,39.24 2 0
gometrics/internal/retry/retry.go:39.24,41.3 1 0
gometrics/internal/retry/retry.go:43.2,46.50 3 0
gometrics/internal/retry/retry.go:46.50,47.23 1 0
gometrics/internal/retry/retry.go:47.23,49.4 1 0
gometrics/internal/retry/retry.go:51.3,52.17 2 0
gometrics/internal/retry/retry.go:52.17,54.4 1 0
gometrics/internal/retry/retry.go:56.3,56.49 1 0
gometrics/internal/retry/retry.go:56.49,58.4 1 0
gometrics/internal/retry/retry.go:60.3,61.25 2 0
gometrics/internal/retry/retry.go:61.25,63.4 1 0
gometrics/internal/retry/retry.go:65.3,65.10 1 0
gometrics/internal/retry/retry.go:66.28,66.28 0 0
gometrics/internal/retry/retry.go:67.21,68.25 1 0
gometrics/internal/retry/retry.go:72.2,72.17 1 0
gometrics/internal/retry/retry.go:75.67,76.26 1 0
gometrics/internal/retry/retry.go:76.26,78.3 1 0
gometrics/internal/retry/retry.go:79.2,79.32 1 0
gometrics/internal/retry/retry.go:79.32,81.3 1 0
gometrics/internal/retry/retry.go:82.2,82.28 1 0
gometrics/internal/retry/retry.go:85.41,86.16 1 0
gometrics/internal/retry/retry.go:86.16,88.3 1 0
gometrics/internal/retry/retry.go:89.2,89.82 1 0
gometrics/internal/retry/retry.go:89.82,91.3 1 0
gometrics/internal/retry/retry.go:93.2,94.29 2 0
gometrics/internal/retry/retry.go:94.29,95.23 1 0
gometrics/internal/retry/retry.go:95.23,97.4 1 0
gometrics/internal/retry/retry.go:98.3,98.19 1 0
gometrics/internal/retry/retry.go:101.2,102.29 2 0
gometrics/internal/retry/retry.go:102.29,103.23 1 0
gometrics/internal/retry/retry.go:103.23,105.4 1 0
gometrics/internal/retry/retry.go:109.2,110.28 2 0
gometrics/internal/retry/retry.go:110.28,112.44 2 0
gometrics/internal/retry/retry.go:112.44,114.4 1 0
gometrics/internal/retry/retry.go:117.3,117.40 1 0
gometrics/internal/retry/retry.go:117.40,119.4 1 0
gometrics/internal/retry/retry.go:122.2,123.30 2 0
gometrics/internal/retry/retry.go:123.30,126.42 1 0
gometrics/internal/retry/retry.go:126.42,128.4 1 0
gometrics/internal/retry/retry.go:129.3,129.15 1 0
gometrics/internal/retry/retry.go:132.2,135.44 2 0
gometrics/internal/retry/retry.go:135.44,137.3 1 0
gometrics/internal/retry/retry.go:139.2,139.14 1 0
gometrics/internal/runtimemetrics/runtimemetrics.go:59.74,67.2 1 0
gometrics/internal/runtimemetrics/runtimemetrics.go:73.83,75.16 2 0
gometrics/internal/runtimemetrics/runtimemetrics.go:75.16,77.3 1 0
gometrics/internal/runtimemetrics/runtimemetrics.go:78.2,79.16 2 0
gometrics/internal/runtimemetrics/runtimemetrics.go:79.16,81.3 1 0
gometrics/internal/runtimemetrics/runtimemetrics.go:82.2,84.101 3 0
gometrics/internal/runtimemetrics/runtimemetrics.go:84.101,86.3 1 0
gometrics/internal/runtimemetrics/runtimemetrics.go:87.2,87.100 1 0
gometrics/internal/runtimemetrics/runtimemetrics.go:87.100,89.3 1 0
gometrics/internal/runtimemetrics/runtimemetrics.go:91.2,91.25 1 0
gometrics/internal/runtimemetrics/runtimemetrics.go:91.25,92.96 1 0
gometrics/internal/runtimemetrics/runtimemetrics.go:92.96,94.4 1 0
gometrics/internal/runtimemetrics/runtimemetrics.go:97.2,97.12 1 0
gometrics/internal/runtimemetrics/runtimemetrics.go:102.78,104.19 2 0
gometrics/internal/runtimemetrics/runtimemetrics.go:105.16,106.39 1 0
gometrics/internal/runtimemetrics/runtimemetrics.go:107.16,108.39 1 0
gometrics/internal/runtimemetrics/runtimemetrics.go:109.17,110.31 1 0
gometrics/internal/runtimemetrics/runtimemetrics.go:111.17,112.31 1 0
gometrics/internal/runtimemetrics/runtimemetrics.go:113.10,114.63 1 0
gometrics/internal/runtimemetrics/runtimemetrics.go:120.80,125.37 4 0
gometrics/internal/runtimemetrics/runtimemetrics.go:125.37,127.29 2 0
gometrics/internal/runtimemetrics/runtimemetrics.go:127.29,129.4 1 0
gometrics/internal/runtimemetrics/runtimemetrics.go:130.3,131.17 2 0
gometrics/internal/runtimemetrics/runtimemetrics.go:131.17,133.4 1 0
gometrics/internal/runtimemetrics/runtimemetrics.go:134.3,134.35 1 0
gometrics/internal/runtimemetrics/runtimemetrics.go:137.2,139.39 3 0
gometrics/internal/runtimemetrics/runtimemetrics.go:139.39,141.17 2 0
gometrics/internal/runtimemetrics/runtimemetrics.go:141.17,143.4 1 0
gometrics/internal/runtimemetrics/runtimemetrics.go:146.2,146.12 1 0
gometrics/internal/runtimemetrics/runtimemetrics.go:150.100,152.44 2 0
gometrics/internal/runtimemetrics/runtimemetrics.go:152.44,154.3 1 0
gometrics/internal/runtimemetrics/runtimemetrics.go:155.2,156.18 2 0
gometrics/internal/runtimemetrics/runtimemetrics.go:162.92,163.9 1 0
gometrics/internal/runtimemetrics/runtimemetrics.go:164.20,165.13 1 0
gometrics/internal/runtimemetrics/runtimemetrics.go:166.10,167.11 1 0
gometrics/internal/runtimemetrics/runtimemetrics.go:167.11,168.52 1 0
gometrics/internal/runtimemetrics/runtimemetrics.go:168.52,170.5 1 0
gometrics/internal/runtimemetrics/runtimemetrics.go:171.4,173.72 3 0
gometrics/internal/runtimemetrics/runtimemetrics.go:173.72,175.5 1 0
gometrics/internal/runtimemetrics/runtimemetrics.go:176.4,176.85 1 0
gometrics/internal/runtimemetrics/runtimemetrics.go:176.85,178.5 1 0
gometrics/internal/runtimemetrics/runtimemetrics.go:179.9,180.55 1 0
gometrics/internal/runtimemetrics/runtimemetrics.go:180.55,182.5 1 0
gometrics/internal/runtimemetrics/runtimemetrics.go:185.2,185.12 1 0
gometrics/internal/runtimemetrics/runtimemetrics.go:191.111,192.31 1 0
gometrics/internal/runtimemetrics/runtimemetrics.go:192.31,203.17 6 0
gometrics/internal/runtimemetrics/runtimemetrics.go:203.17,205.4 1 0
gometrics/internal/runtimemetrics/runtimemetrics.go:207.3,207.19 1 0
gometrics/internal/runtimemetrics/runtimemetrics.go:208.15,210.18 2 0
gometrics/internal/runtimemetrics/runtimemetrics.go:210.18,212.5 1 0
gometrics/internal/runtimemetrics/runtimemetrics.go:213.4,214.42 1 0
gometrics/internal/runtimemetrics/runtimemetrics.go:215.11,216.27 1 0
gometrics/internal/runtimemetrics/runtimemetrics.go:219.3,219.16 1 0
gometrics/internal/runtimemetrics/runtimemetrics.go:219.16,221.18 2 0
gometrics/internal/runtimemetrics/runtimemetrics.go:221.18,223.5 1 0
gometrics/internal/runtimemetrics/runtimemetrics.go:224.4,224.57 1 0
gometrics/internal/runtimemetrics/runtimemetrics.go:227.3,230.60 3 0
gometrics/internal/runtimemetrics/runtimemetrics.go:230.60,233.4 2 0
gometrics/internal/runtimemetrics/runtimemetrics.go:234.3,236.17 2 0
gometrics/internal/runtimemetrics/runtimemetrics.go:236.17,238.4 1 0
gometrics/internal/runtimemetrics/runtimemetrics.go:240.2,240.12 1 0
gometrics/internal/runtimemetrics/runtimemetrics.go:245.96,246.73 1 0
gometrics/internal/runtimemetrics/runtimemetrics.go:246.73,247.80 1 0
gometrics/internal/runtimemetrics/runtimemetrics.go:252.118,253.27 1 0
gometrics/internal/runtimemetrics/runtimemetrics.go:253.27,256.17 3 0
gometrics/internal/runtimemetrics/runtimemetrics.go:256.17,258.4 1 0
gometrics/internal/runtimemetrics/runtimemetrics.go:259.3,260.34 2 0
gometrics/internal/runtimemetrics/runtimemetrics.go:262.2,262.20 1 0
gometrics/internal/runtimemetrics/runtimemetrics.go:266.120,267.27 1 0
gometrics/internal/runtimemetrics/runtimemetrics.go:267.27,272.17 4 0
gometrics/internal/runtimemetrics/runtimemetrics.go:272.17,274.4 1 0
gometrics/internal/runtimemetrics/runtimemetrics.go:275.3,276.34 2 0
gometrics/internal/runtimemetrics/runtimemetrics.go:278.2,278.20 1 0
gometrics/internal/runtimemetrics/runtimemetrics.go:283.69,293.6 4 0
gometrics/internal/runtimemetrics/runtimemetrics.go:293.6,295.55 1 0
gometrics/internal/runtimemetrics/runtimemetrics.go:295.55,297.4 1 0
gometrics/internal/runtimemetrics/runtimemetrics.go:297.9,297.38 1 0
gometrics/internal/runtimemetrics/runtimemetrics.go:297.38,299.4 1 0
gometrics/internal/runtimemetrics/runtimemetrics.go:299.9,301.4 1 0
gometrics/internal/runtimemetrics/runtimemetrics.go:304.3,304.51 1 0
gometrics/internal/runtimemetrics/runtimemetrics.go:304.51,306.4 1 0
gometrics/internal/runtimemetrics/runtimemetrics.go:306.9,306.36 1 0
gometrics/internal/runtimemetrics/runtimemetrics.go:306.36,308.4 1 0
gometrics/internal/runtimemetrics/runtimemetrics.go:308.9,310.4 1 0
gometrics/internal/runtimemetrics/runtimemetrics.go:313.3,314.17 2 0
gometrics/internal/runtimemetrics/runtimemetrics.go:314.17,315.14 1 0
gometrics/internal/runtimemetrics/runtimemetrics.go:318.3,320.27 2 0
gometrics/internal/runtimemetrics/runtimemetrics.go:320.27,323.70 1 0
gometrics/internal/runtimemetrics/runtimemetrics.go:323.70,324.10 1 0
gometrics/internal/runtimemetrics/runtimemetrics.go:327.4,327.46 1 0
gometrics/internal/runtimemetrics/runtimemetrics.go:327.46,328.10 1 0
gometrics/internal/runtimemetrics/runtimemetrics.go:331.3,331.10 1 0
gometrics/internal/runtimemetrics/runtimemetrics.go:333.2,333.12 1 0
gometrics/internal/runtimemetrics/runtimemetrics.go:337.87,338.23 1 0
gometrics/internal/runtimemetrics/runtimemetrics.go:338.23,340.3 1 0
gometrics/internal/runtimemetrics/runtimemetrics.go:344.60,346.2 1 0
gometrics/internal/runtimemetrics/runtimemetrics.go:349.170,352.16 3 0
gometrics/internal/runtimemetrics/runtimemetrics.go:352.16,354.3 1 0
gometrics/internal/runtimemetrics/runtimemetrics.go:355.2,358.16 3 0
gometrics/internal/runtimemetrics/runtimemetrics.go:358.16,360.3 1 0
gometrics/internal/runtimemetrics/runtimemetrics.go:361.2,362.21 2 0
gometrics/internal/runtimemetrics/runtimemetrics.go:366.45,368.2 1 0
gometrics/internal/serverconfig/serverconfig.go:21.42,23.2 1 0
gometrics/internal/serverconfig/serverconfig.go:25.42,27.2 1 0
gometrics/internal/serverconfig/serverconfig.go:29.42,31.2 1 0
gometrics/internal/serverconfig/serverconfig.go:33.35,37.2 1 0
gometrics/internal/serverconfig/serverconfig.go:39.38,40.37 1 0
gometrics/internal/serverconfig/serverconfig.go:40.37,42.3 1 0
gometrics/internal/serverconfig/serverconfig.go:44.2,53.18 9 0
gometrics/internal/serverconfig/serverconfig.go:53.18,55.3 1 0
gometrics/internal/service/service.go:43.62,45.2 1 0
gometrics/internal/service/service.go:48.51,50.2 1 0
gometrics/internal/service/service.go:54.78,57.16 3 0
gometrics/internal/service/service.go:57.16,59.3 1 0
gometrics/internal/service/service.go:60.2,60.19 1 0
gometrics/internal/service/service.go:65.76,68.16 3 0
gometrics/internal/service/service.go:68.16,70.3 1 0
gometrics/internal/service/service.go:71.2,71.19 1 0
gometrics/internal/service/service.go:79.94,85.48 4 0
gometrics/internal/service/service.go:85.48,88.3 2 0
gometrics/internal/service/service.go:90.2,92.52 2 0
gometrics/internal/service/service.go:92.52,95.3 2 0
gometrics/internal/service/service.go:97.2,99.39 2 0
gometrics/internal/service/service.go:103.72,106.2 2 0
gometrics/internal/service/service.go:109.70,112.2 2 0
gometrics/internal/service/service.go:116.85,117.56 1 0
gometrics/internal/service/service.go:117.56,119.3 1 0
gometrics/internal/service/service.go:123.2,123.31 1 0
gometrics/internal/service/service.go:123.31,126.89 3 0
gometrics/internal/service/service.go:126.89,128.4 1 0
gometrics/internal/service/service.go:130.2,130.12 1 0
gometrics/internal/service/service.go:135.83,136.58 1 0
gometrics/internal/service/service.go:136.58,138.3 1 0
gometrics/internal/service/service.go:139.2,139.48 1 0
gometrics/internal/service/service.go:139.48,142.89 3 0
gometrics/internal/service/service.go:142.89,144.4 1 0
gometrics/internal/service/service.go:146.2,146.12 1 0
gometrics/internal/service/service.go:151.61,155.16 2 0
gometrics/internal/service/service.go:155.16,157.3 1 0
gometrics/internal/service/service.go:158.2,158.33 1 0
gometrics/internal/service/service.go:158.33,159.57 1 0
gometrics/internal/service/service.go:159.57,161.4 1 0
gometrics/internal/service/service.go:163.2,163.12 1 0
gometrics/internal/service/service.go:168.91,169.22 1 0
gometrics/internal/service/service.go:170.34,171.26 1 0
gometrics/internal/service/service.go:171.26,174.4 2 0
gometrics/internal/service/service.go:175.3,175.70 1 0
gometrics/internal/service/service.go:175.70,177.4 1 0
gometrics/internal/service/service.go:178.36,179.26 1 0
gometrics/internal/service/service.go:179.26,182.4 2 0
gometrics/internal/service/service.go:183.3,183.77 1 0
gometrics/internal/service/service.go:183.77,185.4 1 0
gometrics/internal/service/service.go:186.10,187.43 1 0
gometrics/internal/service/service.go:189.2,189.12 1 0
gometrics/internal/service/service.go:193.99,194.33 1 0
gometrics/internal/service/service.go:194.33,196.17 2 0
gometrics/internal/service/service.go:196.17,198.4 1 0
gometrics/internal/service/service.go:200.2,200.12 1 0
gometrics/internal/service/service.go:204.41,205.41 1 0
gometrics/internal/service/service.go:205.41,207.3 1 0
gometrics/internal/service/service.go:208.2,208.12 1 0
gometrics/internal/service/service.go:214.37,217.6 2 0
gometrics/internal/service/service.go:217.6,218.42 1 0
gometrics/internal/service/service.go:218.42,220.4 1 0
gometrics/internal/service/service.go:221.3,221.45 1 0
gometrics/internal/signature/signature.go:22.83,29.2 1 0
gometrics/internal/signature/signature.go:31.53,31.83 1 0
gometrics/internal/signature/signature.go:32.53,32.72 1 0
gometrics/internal/signature/signature.go:33.60,35.2 1 0
gometrics/internal/signature/signature.go:37.73,39.16 2 0
gometrics/internal/signature/signature.go:39.16,41.3 1 0
gometrics/internal/signature/signature.go:42.2,50.48 7 0
gometrics/internal/signature/signature.go:53.55,54.59 1 0
gometrics/internal/signature/signature.go:54.59,56.3 1 0
gometrics/internal/signature/signature.go:57.2,59.44 3 0
gometrics/internal/signature/signature.go:62.70,65.46 2 0
gometrics/internal/signature/signature.go:65.46,66.72 1 0
gometrics/internal/signature/signature.go:66.72,67.21 1 0
gometrics/internal/signature/signature.go:67.21,70.5 2 0
gometrics/internal/signature/signature.go:72.4,73.23 2 0
gometrics/internal/signature/signature.go:73.23,75.5 1 0
gometrics/internal/signature/signature.go:77.4,77.64 1 0
gometrics/internal/signature/signature.go:77.64,78.43 1 0
gometrics/internal/signature/signature.go:78.43,81.6 2 0
gometrics/internal/signature/signature.go:84.4,86.43 3 0
gometrics/internal/signature/signature.go:86.43,88.5 1 0
gometrics/internal/storage/storage.go:26.34,33.2 1 1
gometrics/internal/storage/storage.go:38.66,43.8 5 1
gometrics/internal/storage/storage.go:43.8,45.3 1 1
gometrics/internal/storage/storage.go:46.2,46.25 1 1
gometrics/internal/storage/storage.go:52.64,57.8 5 1
gometrics/internal/storage/storage.go:57.8,59.3 1 1
gometrics/internal/storage/storage.go:60.2,60.25 1 1
gometrics/internal/storage/storage.go:66.73,73.2 6 1
gometrics/internal/storage/storage.go:78.71,86.2 6 1
gometrics/internal/storage/storage.go:90.61,94.34 4 1
gometrics/internal/storage/storage.go:94.34,96.17 2 1
gometrics/internal/storage/storage.go:96.17,98.4 1 0
gometrics/internal/storage/storage.go:99.3,99.20 1 1
gometrics/internal/storage/storage.go:101.2,101.16 1 1
gometrics/internal/storage/storage.go:106.59,110.36 4 1
gometrics/internal/storage/storage.go:110.36,112.17 2 1
gometrics/internal/storage/storage.go:112.17,114.4 1 0
gometrics/internal/storage/storage.go:115.3,115.20 1 1
gometrics/internal/storage/storage.go:117.2,117.16 1 1
gometrics/internal/storage/storage.go:121.49,129.2 7 1
gometrics/swagger/docs.go:349.13,351.2 1 0
